[Licensing::Module] Trying to connect to existing licensing client channel...
Built from '6000.5/staging' branch; Version is '6000.5.2f1 (eb73d3b415a1) revision 15430611'; Using compiler version '194234433'; Build Type 'Release'
[Licensing::IpcConnector] Successfully connected to: "LicenseClient-sinan" at "2026-07-06T17:16:48.0165164Z"
OS: 'Windows 10  (10.0.19045) 64bit Core' Language: 'tr' Physical Memory: 65277 MB
BatchMode: 1, IsHumanControllingUs: 0, StartBugReporterOnCrash: 0, Is64bit: 1
System  architecture: x64
Process architecture: x64
Date: 2026-07-06T17:16:48Z
[Licensing::Client] Code 10 while verifying Licensing Client signature (process Id: 24052, path: "C:/Program Files/Unity/Hub/Editor/6000.5.2f1/Editor/Data/Resources/Licensing/Client/Unity.Licensing.Client.exe")
[Licensing::Module] LicensingClient has failed validation; ignoring
[Licensing::Client] Handshaking with LicensingClient:
  Version:                 1.18.1+9fbee8e
  Session Id:              53ee961c3baa4bc28ab4ac1a99a4ebc9
  Correlation Id:          848629e144d59ac3f8ffdf175efc8cd6
  External correlation Id: 325044181198962504
  Machine Id:              mheBRT8/V9Rl8MnthXCG6BIwWXk=
[Licensing::Module] Successfully connected to LicensingClient on channel: "LicenseClient-sinan" (connect: 0.00s, validation: 0.00s, handshake: 0.02s)
[Licensing::IpcConnector] Successfully connected to: "LicenseClient-sinan-notifications" at "2026-07-06T17:16:48.0419349Z"
[Licensing::Module] Licensing Background thread has ended after 0.03s

COMMAND LINE ARGUMENTS:
C:\Program Files\Unity\Hub\Editor\6000.5.2f1\Editor\Unity.exe
-adb2
-batchMode
-noUpm
-name
AssetImportWorkerHW0
-projectPath
S:/Tayacknity/Planet Boom
-logFile
Logs/AssetImportWorkerHW0.log
-srvPort
55078
-parentPid
28244
-analyticsCloudUserId
anonymous
-analyticsCloudProjectId
4e0b67e1-a46b-4720-a1bc-de7a41bfdefe
-analyticsLocalProjectId
aa5567b0f99b3bb47aab0e5043ff7496
-licensingIpc
LicenseClient-sinan
-noDiagnosticSwitchPersistentStore
-job-worker-count
5
-background-job-worker-count
8
-asset-garbage-collectors
1
-force-d3d12
-name
AssetImport
Successfully changed project path to: S:/Tayacknity/Planet Boom
S:/Tayacknity/Planet Boom
[UnityMemory] Configuration Parameters - Can be set up in boot.config
    "memorysetup-temp-allocator-size-gi-baking-worker=262144"
    "memorysetup-temp-allocator-size-gi-baking-worker=262144"
    "memorysetup-temp-allocator-size-gi-baking-worker=262144"
    "memorysetup-temp-allocator-size-gi-baking-worker=262144"
    "memorysetup-temp-allocator-size-gi-baking-worker=262144"
    "memorysetup-temp-allocator-size-nav-mesh-worker=65536"
    "memorysetup-temp-allocator-size-audio-worker=65536"
    "memorysetup-temp-allocator-size-cloud-worker=32768"
    "memorysetup-temp-allocator-size-gfx=262144"
    "memorysetup-temp-allocator-size-preload-manager=33554432"
    "memorysetup-allocator-temp-initial-block-size-main=262144"
    "memorysetup-allocator-temp-initial-block-size-worker=262144"
    "memorysetup-temp-allocator-size-job-worker=262144"
    "memorysetup-temp-allocator-size-background-worker=32768"
    "memorysetup-bucket-allocator-granularity=16"
    "memorysetup-bucket-allocator-bucket-count=8"
    "memorysetup-bucket-allocator-block-size=33554432"
    "memorysetup-bucket-allocator-block-count=8"
    "memorysetup-main-allocator-block-size=16777216"
    "memorysetup-thread-allocator-block-size=16777216"
    "memorysetup-main-allocator-mimalloc-enabled=0"
    "memorysetup-gfx-main-allocator-block-size=16777216"
    "memorysetup-gfx-thread-allocator-block-size=16777216"
    "memorysetup-cache-allocator-block-size=4194304"
    "memorysetup-typetree-allocator-block-size=2097152"
    "memorysetup-profiler-bucket-allocator-granularity=16"
    "memorysetup-profiler-bucket-allocator-bucket-count=8"
    "memorysetup-profiler-bucket-allocator-block-size=33554432"
    "memorysetup-profiler-bucket-allocator-block-count=8"
    "memorysetup-profiler-allocator-block-size=16777216"
    "memorysetup-profiler-editor-allocator-block-size=1048576"
    "memorysetup-temp-allocator-size-main=16777216"
    "memorysetup-job-temp-allocator-block-size=2097152"
    "memorysetup-job-temp-allocator-block-size-background=1048576"
    "memorysetup-job-temp-allocator-reduction-small-platforms=262144"
Player connection [32224]  Target information:

Player connection [32224]  * "[IP] 192.168.1.135 [Port] 0 [Flags] 2 [Guid] 2656947909 [EditorId] 2656947909 [Version] 1048832 [Id] WindowsEditor(7,DESKTOP-0PUB5I4) [Debug] 1 [PackageName] WindowsEditor [ProjectName] Editor" 

Player connection [32224] Host joined multi-casting on [225.0.0.222:54997]...
Player connection [32224] Host joined alternative multi-casting on [225.0.0.222:34997]...
JobSystem: Creating JobQueue using job-worker-count value 5
Input System module state changed to: Initialized.
[Physics::Module] Initialized fallback backend.
[Physics::Module] Id: 0xdecafbad
Library Redirect Path: Library/
[Physics::Module] Selected backend.
[Physics::Module] Name: PhysX
[Physics::Module] Id: 0xf2b8ea05
[Physics::Module] SDK Version: 4.1.2
[Physics::Module] Integration Version: 1.0.0
[Physics::Module] Threading Mode: Multi-Threaded
Refreshing native plugins compatible for Editor in 4.39 ms, found 6 plugins.
Preloading 1 native plugins for Editor in 2.09 ms.
Initialize engine version: 6000.5.2f1 (eb73d3b415a1)
[Subsystems] Discovering subsystems at path C:/Program Files/Unity/Hub/Editor/6000.5.2f1/Editor/Data/Resources/UnitySubsystems
[Subsystems] Discovering subsystems at path S:/Tayacknity/Planet Boom/Assets
Forcing GfxDevice: Direct3D 12
GfxDevice: creating device client; kGfxThreadingModeNonThreaded
d3d12: failed to query info queue interface (0x80004002).
Direct3D:
    Version:         Direct3D 12 [level 12.2]
    Renderer:        NVIDIA GeForce RTX 3070 Ti (ID=0x2482)
    Vendor:          NVIDIA
    VRAM:            8017 MB
    App VRAM Budget: 7249 MB
    Driver:          32.0.16.1062
Initialize mono
Mono path[0] = 'C:/Program Files/Unity/Hub/Editor/6000.5.2f1/Editor/Data/Managed'
Mono path[1] = 'C:/Program Files/Unity/Hub/Editor/6000.5.2f1/Editor/Data/BCLExtensions/runtime/netstandard2.1'
Mono path[2] = 'C:/Program Files/Unity/Hub/Editor/6000.5.2f1/Editor/Data/MonoBleedingEdge/lib/mono/unityjit-win32'
Mono config path = 'C:/Program Files/Unity/Hub/Editor/6000.5.2f1/Editor/Data/MonoBleedingEdge/etc'
Using monoOptions --debugger-agent=transport=dt_socket,embedding=1,server=y,suspend=n,address=127.0.0.1:56872
CodeReloadManager initialized
Begin MonoManager ReloadAssembly
Registering precompiled unity dll's ...
Register platform support module: C:/Program Files/Unity/Hub/Editor/6000.5.2f1/Editor/Data/PlaybackEngines/WebGLSupport/UnityEditor.WebGL.Extensions.dll
Register platform support module: C:/Program Files/Unity/Hub/Editor/6000.5.2f1/Editor/Data/PlaybackEngines/WindowsStandaloneSupport/UnityEditor.WindowsStandalone.Extensions.dll
Registered in 0.003882 seconds.
Native extension for WindowsStandalone target not found
Native extension for WebGL target not found
Package Manager log level set to [2]
[Package Manager] Failed to launch server process. Reason: Unity was launched with the -noUpm command-line argument
[Package Manager] Unable to send message (not connected to server process).
[Package Manager] Cannot connect to Unity Package Manager local server
ScheduleIndexationOnStartup MainProcess:False IndexOnStartup:True
Mono: successfully reloaded assembly
- Finished resetting the current domain, in  0.507 seconds
Domain Reload Profiling: 1862ms
	BeginReloadAssembly (419ms)
	RebuildCommonClasses (7ms)
	RebuildNativeTypeToScriptingClass (23ms)
	initialDomainReloadingComplete (90ms)
	LoadAllAssembliesAndSetupDomain (814ms)
		LoadAssemblies (415ms)
		AnalyzeDomain (665ms)
			TypeCache.Refresh (663ms)
				TypeCache.ScanAssembly (640ms)
	FinalizeReload (510ms)
		SetupLoadedEditorAssemblies (0ms)
			InitializePlatformSupportModulesInManaged (3ms)
			BeforeProcessingInitializeOnLoad (116ms)
			ProcessInitializeOnLoadAttributes (187ms)
			ProcessInitializeOnLoadMethodAttributes (121ms)
Initializing Unity extensions:
[Licensing::Client] Successfully resolved entitlement details
[Licensing::Module] License group:
  Id: 18968333192240-UnityPersXXXX
  Product: Unity Personal
  Type: Assigned
  Expiration: Unlimited
Curl error 3: URL rejected: Malformed input to a URL function
========================================================================
Worker process is ready to serve import requests
Import Worker Mode flag is 0x00
Begin MonoManager ReloadAssembly
Symbol file LoadedFromMemory is not a mono symbol file
Symbol file LoadedFromMemory is not a mono symbol file
Refreshing native plugins compatible for Editor in 2.65 ms, found 6 plugins.
Native extension for WindowsStandalone target not found
Native extension for WebGL target not found
[Package Manager] Failed to launch server process. Reason: Unity was launched with the -noUpm command-line argument
[Package Manager] Unable to send message (not connected to server process).
[Package Manager] Cannot connect to Unity Package Manager local server
Refreshing native plugins compatible for Editor in 2.00 ms, found 6 plugins.
[Package Manager] Failed to launch server process. Reason: Unity was launched with the -noUpm command-line argument
[Package Manager] Unable to send message (not connected to server process).
[Package Manager] Cannot connect to Unity Package Manager local server
[Licensing::Client] Error: Code 404 while processing request (status: Found 0 entitlement groups and 0 free entitlements matching requested entitlement ids)
[Licensing::Client] Error: Code 404 while processing request (status: Found 0 entitlement groups and 0 free entitlements matching requested entitlement ids)
[Licensing::Client] Error: Code 404 while processing request (status: Found 0 entitlement groups and 0 free entitlements matching requested entitlement ids)
ScheduleIndexationOnStartup MainProcess:False IndexOnStartup:True
Mono: successfully reloaded assembly
- Finished resetting the current domain, in  1.955 seconds
Domain Reload Profiling: 3597ms
	BeginReloadAssembly (270ms)
		DisableScriptedObjects (15ms)
		CreateAndSetChildDomain (45ms)
	RebuildCommonClasses (11ms)
	RebuildNativeTypeToScriptingClass (21ms)
	initialDomainReloadingComplete (104ms)
	LoadAllAssembliesAndSetupDomain (1236ms)
		LoadAssemblies (494ms)
		AnalyzeDomain (713ms)
			TypeCache.Refresh (555ms)
				TypeCache.ScanAssembly (519ms)
			BuildScriptInfoCaches (142ms)
			ResolveRequiredComponents (12ms)
	FinalizeReload (1956ms)
		SetupLoadedEditorAssemblies (0ms)
			BeforeProcessingInitializeOnLoad (119ms)
			ProcessInitializeOnLoadAttributes (1198ms)
			ProcessInitializeOnLoadMethodAttributes (425ms)
			AfterProcessingInitializeOnLoad (5ms)
		AwakeInstancesAfterBackupRestoration (3ms)
AcceleratorClientConnectionCallback - disconnected - :0
Launched and connected shader compiler UnityShaderCompiler.exe after 0.01 seconds
Unloading 65 Unused Serialized files (Serialized files now loaded: 0)
Curl error 3: URL rejected: Malformed input to a URL function
Unloading 10718 unused Assets / (22.9 MB). Loaded Objects now: 11634.
Memory consumption went from 490.7 MB to 467.8 MB.
Total: 23.844000 ms (FindLiveObjects: 0.940500 ms CreateObjectMapping: 4.949900 ms MarkObjects: 12.128900 ms  DeleteObjects: 5.822600 ms)

========================================================================
Received Prepare
AcceleratorClientConnectionCallback - disconnected - :0
Unloading 65 Unused Serialized files (Serialized files now loaded: 0)
Unloading 65 unused Assets / (13.7 MB). Loaded Objects now: 11634.
Memory consumption went from 479.0 MB to 465.2 MB.
Total: 15.448000 ms (FindLiveObjects: 0.465500 ms CreateObjectMapping: 1.953200 ms MarkObjects: 11.577900 ms  DeleteObjects: 1.450100 ms)

Prepare: number of updated asset objects reloaded= 0
========================================================================
Received Import Request.
  Time of request: 2026-07-06T17:17:09.2348964Z
  Time since last request: 787955.26084110001102 seconds.
  importAddress: GUID: 603fc024be9b949468e2ed37b069c7b1 - Path: Assets/Planet.prefab - Importer: ScriptedImporter/UnityEditor.QuickSearchModule:UnityEditor.Search:ASIAI0B
Importing 'GUID: 603fc024be9b949468e2ed37b069c7b1 - Path: Assets/Planet.prefab - Importer: ScriptedImporter/UnityEditor.QuickSearchModule:UnityEditor.Search:ASIAI0B' with importer (ScriptedImporter : UnityEditor.QuickSearchModule:UnityEditor.Search:ASIAI0B)
Imported 'GUID: 603fc024be9b949468e2ed37b069c7b1' -> (Import Result ID: '691487f92c10cd90a7bb6613d890df7a') in 0.126 seconds [static and dynamic dependencies]. Details - ImportResultOutputID=9e491fd098f7309e0f2b532d6e188196 DependenciesID=0e02d8023c7938c0103a18dd1ccaf07a StaticDependenciesID=d28ed44de92f45af7c76cdb84a239ff1 
Number of updated asset objects reloaded before import = 0
Number of asset objects unloaded after import = 11
========================================================================
Received Import Request.
  Time of request: 2026-07-06T17:17:09.3845723Z
  Time since last request: 0.0055824 seconds.
  importAddress: GUID: 59fe94ae734e32b21609883100fd9ea5 - Path: Assets/Planet.cs - Importer: ScriptedImporter/UnityEditor.QuickSearchModule:UnityEditor.Search:ASIAI0B
Importing 'GUID: 59fe94ae734e32b21609883100fd9ea5 - Path: Assets/Planet.cs - Importer: ScriptedImporter/UnityEditor.QuickSearchModule:UnityEditor.Search:ASIAI0B' with importer (ScriptedImporter : UnityEditor.QuickSearchModule:UnityEditor.Search:ASIAI0B)
Imported 'GUID: 59fe94ae734e32b21609883100fd9ea5' -> (Import Result ID: 'd79ee6fbe5dc3c2df22c15fedaee7190') in 0.006 seconds [static and dynamic dependencies]. Details - ImportResultOutputID=28a8332a6db5c3697e18f9d95477f4eb DependenciesID=24af4c02b1e99f138599eed0be689170 StaticDependenciesID=1bb25dfeee90ac7805be95dc1e85a227 
Number of updated asset objects reloaded before import = 0
Number of asset objects unloaded after import = 0
========================================================================
Received Import Request.
  Time of request: 2026-07-06T17:17:09.4073248Z
  Time since last request: 0.0003885 seconds.
  importAddress: GUID: 4d21d2aa63e95ea498afdd817238d026 - Path: Assets/PlanetLauncher.cs - Importer: ScriptedImporter/UnityEditor.QuickSearchModule:UnityEditor.Search:ASIAI0B
Importing 'GUID: 4d21d2aa63e95ea498afdd817238d026 - Path: Assets/PlanetLauncher.cs - Importer: ScriptedImporter/UnityEditor.QuickSearchModule:UnityEditor.Search:ASIAI0B' with importer (ScriptedImporter : UnityEditor.QuickSearchModule:UnityEditor.Search:ASIAI0B)
Imported 'GUID: 4d21d2aa63e95ea498afdd817238d026' -> (Import Result ID: '84174d55c15929ac2c35b15ddf4957bf') in 0.003 seconds [static and dynamic dependencies]. Details - ImportResultOutputID=1c02b3e637874efe0eeb1e23f3d4f886 DependenciesID=ed25e40a0f9df0e1bd8b121fc84d0919 StaticDependenciesID=96b17b54ee1aae8055572796ac6c308f 
Number of updated asset objects reloaded before import = 0
Number of asset objects unloaded after import = 0
========================================================================
Received Import Request.
  Time of request: 2026-07-06T17:17:09.4289877Z
  Time since last request: 0.00037 seconds.
  importAddress: GUID: 8c9cfa26abfee488c85f1582747f6a02 - Path: Assets/Scenes/SampleScene.unity - Importer: ScriptedImporter/UnityEditor.QuickSearchModule:UnityEditor.Search:ASIAI0B
Importing 'GUID: 8c9cfa26abfee488c85f1582747f6a02 - Path: Assets/Scenes/SampleScene.unity - Importer: ScriptedImporter/UnityEditor.QuickSearchModule:UnityEditor.Search:ASIAI0B' with importer (ScriptedImporter : UnityEditor.QuickSearchModule:UnityEditor.Search:ASIAI0B)
Imported 'GUID: 8c9cfa26abfee488c85f1582747f6a02' -> (Import Result ID: 'd733b4f5e3d86be7f955775786382012') in 0.005 seconds [static and dynamic dependencies]. Details - ImportResultOutputID=3ead9a5beac7ec22a8b7b22a0cb38032 DependenciesID=59aed11db4c1be24f07a0c5c6188f4c5 StaticDependenciesID=884d46cbd02f584cca435abe90353925 
Number of updated asset objects reloaded before import = 0
Number of asset objects unloaded after import = 1
========================================================================
Received Import Request.
  Time of request: 2026-07-06T17:17:09.4496269Z
  Time since last request: 0.0002462 seconds.
  importAddress: GUID: bcb8c9eddb6a9f1468443be0f6f442df - Path: Assets/GameManager.cs - Importer: ScriptedImporter/UnityEditor.QuickSearchModule:UnityEditor.Search:ASIAI0B
Importing 'GUID: bcb8c9eddb6a9f1468443be0f6f442df - Path: Assets/GameManager.cs - Importer: ScriptedImporter/UnityEditor.QuickSearchModule:UnityEditor.Search:ASIAI0B' with importer (ScriptedImporter : UnityEditor.QuickSearchModule:UnityEditor.Search:ASIAI0B)
Imported 'GUID: bcb8c9eddb6a9f1468443be0f6f442df' -> (Import Result ID: 'cd5c0728c4c4f797f7eee73da282bf85') in 0.003 seconds [static and dynamic dependencies]. Details - ImportResultOutputID=b82892bb82db0c58f0b653182208f3ad DependenciesID=f30cdb946279143a2c045c2e4f17924f StaticDependenciesID=2e47928c85cd01fe77de23ae2b32df29 
Number of updated asset objects reloaded before import = 0
Number of asset objects unloaded after import = 0
========================================================================
Received Import Request.
  Time of request: 2026-07-06T17:17:09.4688319Z
  Time since last request: 0.0003034 seconds.
  importAddress: GUID: 62ff205631a621b4bb2e023778712ba0 - Path: Assets/BlackHole.cs - Importer: ScriptedImporter/UnityEditor.QuickSearchModule:UnityEditor.Search:ASIAI0B
Importing 'GUID: 62ff205631a621b4bb2e023778712ba0 - Path: Assets/BlackHole.cs - Importer: ScriptedImporter/UnityEditor.QuickSearchModule:UnityEditor.Search:ASIAI0B' with importer (ScriptedImporter : UnityEditor.QuickSearchModule:UnityEditor.Search:ASIAI0B)
Imported 'GUID: 62ff205631a621b4bb2e023778712ba0' -> (Import Result ID: 'ef84af5dd05ad314caa9ea4e43ffe6f3') in 0.004 seconds [static and dynamic dependencies]. Details - ImportResultOutputID=037399ebdbe66d0d4195b594745ebb07 DependenciesID=5d2262413f4813aebe99751e1d78b928 StaticDependenciesID=1b9002eb7e2045937b19517a901c295c 
Number of updated asset objects reloaded before import = 0
Number of asset objects unloaded after import = 0
========================================================================
Received Import Request.
  Time of request: 2026-07-06T17:17:09.4903492Z
  Time since last request: 0.000343 seconds.
  importAddress: GUID: f47b17c0352bce84892a47bde3a269c5 - Path: Assets/BoundaryVisualizer.cs - Importer: ScriptedImporter/UnityEditor.QuickSearchModule:UnityEditor.Search:ASIAI0B
Importing 'GUID: f47b17c0352bce84892a47bde3a269c5 - Path: Assets/BoundaryVisualizer.cs - Importer: ScriptedImporter/UnityEditor.QuickSearchModule:UnityEditor.Search:ASIAI0B' with importer (ScriptedImporter : UnityEditor.QuickSearchModule:UnityEditor.Search:ASIAI0B)
Imported 'GUID: f47b17c0352bce84892a47bde3a269c5' -> (Import Result ID: 'eb0c0c0799fa94d66cbd9bc1041546ba') in 0.004 seconds [static and dynamic dependencies]. Details - ImportResultOutputID=0921bc3a84c57e007cde8629d6fbeed8 DependenciesID=1ec93b5f16bbfbf5554a60f984219b3d StaticDependenciesID=2515677cfc0495dd23bc4a7ab642a340 
Number of updated asset objects reloaded before import = 0
Number of asset objects unloaded after import = 0
========================================================================
Received Import Request.
  Time of request: 2026-07-06T17:17:09.5145216Z
  Time since last request: 0.0003931 seconds.
  importAddress: GUID: 000c6f8ca7f880f117555e375616113b - Path: Assets/PlanetMerge.cs - Importer: ScriptedImporter/UnityEditor.QuickSearchModule:UnityEditor.Search:ASIAI0B
Importing 'GUID: 000c6f8ca7f880f117555e375616113b - Path: Assets/PlanetMerge.cs - Importer: ScriptedImporter/UnityEditor.QuickSearchModule:UnityEditor.Search:ASIAI0B' with importer (ScriptedImporter : UnityEditor.QuickSearchModule:UnityEditor.Search:ASIAI0B)
Imported 'GUID: 000c6f8ca7f880f117555e375616113b' -> (Import Result ID: '8ab85410386d19f9397f30d191ea5ce5') in 0.003 seconds [static and dynamic dependencies]. Details - ImportResultOutputID=71d227a45cd0811d7bfc6ce8e771a39e DependenciesID=fa6c65b9d843763d7450b73c0c435479 StaticDependenciesID=5f733d8e910ed9dc3859d20a58678dc7 
Number of updated asset objects reloaded before import = 0
Number of asset objects unloaded after import = 0
Editor requested this worker to shutdown with reason: Scaling down because of idle timeout
AcceleratorClientConnectionCallback - disconnected - :0
AssetImportWorker is now disconnected from the server
Process exiting
Exiting without the bug reporter. Application will terminate with return code 0