[Licensing::Module] Trying to connect to existing licensing client channel...
Built from '6000.5/staging' branch; Version is '6000.5.2f1 (eb73d3b415a1) revision 15430611'; Using compiler version '194234433'; Build Type 'Release'
OS: 'Windows 10  (10.0.19045) 64bit Core' Language: 'tr' Physical Memory: 65277 MB
BatchMode: 1, IsHumanControllingUs: 0, StartBugReporterOnCrash: 0, Is64bit: 1
[Licensing::IpcConnector] Successfully connected to: "LicenseClient-sinan" at "2026-07-06T19:41:09.8775038Z"
System  architecture: x64
Process architecture: x64
Date: 2026-07-06T19:41:09Z
[Licensing::Client] Code 10 while verifying Licensing Client signature (process Id: 24052, path: "C:/Program Files/Unity/Hub/Editor/6000.5.2f1/Editor/Data/Resources/Licensing/Client/Unity.Licensing.Client.exe")
[Licensing::Module] LicensingClient has failed validation; ignoring
[Licensing::Client] Handshaking with LicensingClient:
  Version:                 1.18.1+9fbee8e
  Session Id:              8146f11bd4b04a6a8584ce43a93cb9f7
  Correlation Id:          848629e144d59ac3f8ffdf175efc8cd6
  External correlation Id: 4042914401967292993
  Machine Id:              mheBRT8/V9Rl8MnthXCG6BIwWXk=
[Licensing::Module] Successfully connected to LicensingClient on channel: "LicenseClient-sinan" (connect: 0.00s, validation: 0.00s, handshake: 0.04s)
[Licensing::IpcConnector] Successfully connected to: "LicenseClient-sinan-notifications" at "2026-07-06T19:41:09.9233901Z"
[Licensing::Module] Licensing Background thread has ended after 0.05s

COMMAND LINE ARGUMENTS:
C:\Program Files\Unity\Hub\Editor\6000.5.2f1\Editor\Unity.exe
-adb2
-batchMode
-noUpm
-name
AssetImportWorkerHW3
-projectPath
S:/Tayacknity/Planet Boom
-logFile
Logs/AssetImportWorkerHW3.log
-srvPort
55078
-parentPid
28244
-analyticsCloudUserId
18968333192240
-analyticsCloudProjectId
4e0b67e1-a46b-4720-a1bc-de7a41bfdefe
-analyticsLocalProjectId
aa5567b0f99b3bb47aab0e5043ff7496
-licensingIpc
LicenseClient-sinan
-noDiagnosticSwitchPersistentStore
-job-worker-count
5
-background-job-worker-count
8
-asset-garbage-collectors
1
-force-d3d12
-name
AssetImport
Successfully changed project path to: S:/Tayacknity/Planet Boom
S:/Tayacknity/Planet Boom
[UnityMemory] Configuration Parameters - Can be set up in boot.config
    "memorysetup-temp-allocator-size-gi-baking-worker=262144"
    "memorysetup-temp-allocator-size-gi-baking-worker=262144"
    "memorysetup-temp-allocator-size-gi-baking-worker=262144"
    "memorysetup-temp-allocator-size-gi-baking-worker=262144"
    "memorysetup-temp-allocator-size-gi-baking-worker=262144"
    "memorysetup-temp-allocator-size-nav-mesh-worker=65536"
    "memorysetup-temp-allocator-size-audio-worker=65536"
    "memorysetup-temp-allocator-size-cloud-worker=32768"
    "memorysetup-temp-allocator-size-gfx=262144"
    "memorysetup-temp-allocator-size-preload-manager=33554432"
    "memorysetup-allocator-temp-initial-block-size-main=262144"
    "memorysetup-allocator-temp-initial-block-size-worker=262144"
    "memorysetup-temp-allocator-size-job-worker=262144"
    "memorysetup-temp-allocator-size-background-worker=32768"
    "memorysetup-bucket-allocator-granularity=16"
    "memorysetup-bucket-allocator-bucket-count=8"
    "memorysetup-bucket-allocator-block-size=33554432"
    "memorysetup-bucket-allocator-block-count=8"
    "memorysetup-main-allocator-block-size=16777216"
    "memorysetup-thread-allocator-block-size=16777216"
    "memorysetup-main-allocator-mimalloc-enabled=0"
    "memorysetup-gfx-main-allocator-block-size=16777216"
    "memorysetup-gfx-thread-allocator-block-size=16777216"
    "memorysetup-cache-allocator-block-size=4194304"
    "memorysetup-typetree-allocator-block-size=2097152"
    "memorysetup-profiler-bucket-allocator-granularity=16"
    "memorysetup-profiler-bucket-allocator-bucket-count=8"
    "memorysetup-profiler-bucket-allocator-block-size=33554432"
    "memorysetup-profiler-bucket-allocator-block-count=8"
    "memorysetup-profiler-allocator-block-size=16777216"
    "memorysetup-profiler-editor-allocator-block-size=1048576"
    "memorysetup-temp-allocator-size-main=16777216"
    "memorysetup-job-temp-allocator-block-size=2097152"
    "memorysetup-job-temp-allocator-block-size-background=1048576"
    "memorysetup-job-temp-allocator-reduction-small-platforms=262144"
Player connection [15644]  Target information:

Player connection [15644]  * "[IP] 192.168.1.135 [Port] 0 [Flags] 2 [Guid] 902468061 [EditorId] 902468061 [Version] 1048832 [Id] WindowsEditor(7,DESKTOP-0PUB5I4) [Debug] 1 [PackageName] WindowsEditor [ProjectName] Editor" 

Player connection [15644] Host joined multi-casting on [225.0.0.222:54997]...
Player connection [15644] Host joined alternative multi-casting on [225.0.0.222:34997]...
JobSystem: Creating JobQueue using job-worker-count value 5
Input System module state changed to: Initialized.
[Physics::Module] Initialized fallback backend.
[Physics::Module] Id: 0xdecafbad
Library Redirect Path: Library/
[Physics::Module] Selected backend.
[Physics::Module] Name: PhysX
[Physics::Module] Id: 0xf2b8ea05
[Physics::Module] SDK Version: 4.1.2
[Physics::Module] Integration Version: 1.0.0
[Physics::Module] Threading Mode: Multi-Threaded
Refreshing native plugins compatible for Editor in 4.20 ms, found 6 plugins.
Preloading 1 native plugins for Editor in 3.34 ms.
Initialize engine version: 6000.5.2f1 (eb73d3b415a1)
[Subsystems] Discovering subsystems at path C:/Program Files/Unity/Hub/Editor/6000.5.2f1/Editor/Data/Resources/UnitySubsystems
[Subsystems] Discovering subsystems at path S:/Tayacknity/Planet Boom/Assets
Forcing GfxDevice: Direct3D 12
GfxDevice: creating device client; kGfxThreadingModeNonThreaded
d3d12: failed to query info queue interface (0x80004002).
Direct3D:
    Version:         Direct3D 12 [level 12.2]
    Renderer:        NVIDIA GeForce RTX 3070 Ti (ID=0x2482)
    Vendor:          NVIDIA
    VRAM:            8017 MB
    App VRAM Budget: 7249 MB
    Driver:          32.0.16.1062
Initialize mono
Mono path[0] = 'C:/Program Files/Unity/Hub/Editor/6000.5.2f1/Editor/Data/Managed'
Mono path[1] = 'C:/Program Files/Unity/Hub/Editor/6000.5.2f1/Editor/Data/BCLExtensions/runtime/netstandard2.1'
Mono path[2] = 'C:/Program Files/Unity/Hub/Editor/6000.5.2f1/Editor/Data/MonoBleedingEdge/lib/mono/unityjit-win32'
Mono config path = 'C:/Program Files/Unity/Hub/Editor/6000.5.2f1/Editor/Data/MonoBleedingEdge/etc'
Using monoOptions --debugger-agent=transport=dt_socket,embedding=1,server=y,suspend=n,address=127.0.0.1:56108
CodeReloadManager initialized
Begin MonoManager ReloadAssembly
Registering precompiled unity dll's ...
Register platform support module: C:/Program Files/Unity/Hub/Editor/6000.5.2f1/Editor/Data/PlaybackEngines/WebGLSupport/UnityEditor.WebGL.Extensions.dll
Register platform support module: C:/Program Files/Unity/Hub/Editor/6000.5.2f1/Editor/Data/PlaybackEngines/WindowsStandaloneSupport/UnityEditor.WindowsStandalone.Extensions.dll
Registered in 0.001746 seconds.
Native extension for WindowsStandalone target not found
Native extension for WebGL target not found
Package Manager log level set to [2]
[Package Manager] Failed to launch server process. Reason: Unity was launched with the -noUpm command-line argument
[Package Manager] Unable to send message (not connected to server process).
[Package Manager] Cannot connect to Unity Package Manager local server
ScheduleIndexationOnStartup MainProcess:False IndexOnStartup:True
Mono: successfully reloaded assembly
- Finished resetting the current domain, in  0.343 seconds
Domain Reload Profiling: 810ms
	BeginReloadAssembly (118ms)
	RebuildCommonClasses (4ms)
	RebuildNativeTypeToScriptingClass (14ms)
	initialDomainReloadingComplete (56ms)
	LoadAllAssembliesAndSetupDomain (272ms)
		LoadAssemblies (116ms)
		AnalyzeDomain (194ms)
			TypeCache.Refresh (192ms)
				TypeCache.ScanAssembly (179ms)
	FinalizeReload (345ms)
		SetupLoadedEditorAssemblies (0ms)
			InitializePlatformSupportModulesInManaged (3ms)
			BeforeProcessingInitializeOnLoad (84ms)
			ProcessInitializeOnLoadAttributes (87ms)
			ProcessInitializeOnLoadMethodAttributes (95ms)
Initializing Unity extensions:
[Licensing::Client] Successfully resolved entitlement details
[Licensing::Module] License group:
  Id: 18968333192240-UnityPersXXXX
  Product: Unity Personal
  Type: Assigned
  Expiration: Unlimited
========================================================================
Worker process is ready to serve import requests
Import Worker Mode flag is 0x00
Begin MonoManager ReloadAssembly
Symbol file LoadedFromMemory is not a mono symbol file
Symbol file LoadedFromMemory is not a mono symbol file
Native extension for WindowsStandalone target not found
Native extension for WebGL target not found
[Package Manager] Failed to launch server process. Reason: Unity was launched with the -noUpm command-line argument
[Package Manager] Unable to send message (not connected to server process).
[Package Manager] Cannot connect to Unity Package Manager local server
[Package Manager] Failed to launch server process. Reason: Unity was launched with the -noUpm command-line argument
[Package Manager] Unable to send message (not connected to server process).
[Package Manager] Cannot connect to Unity Package Manager local server
[Licensing::Client] Error: Code 404 while processing request (status: Found 0 entitlement groups and 0 free entitlements matching requested entitlement ids)
ScheduleIndexationOnStartup MainProcess:False IndexOnStartup:True
Mono: successfully reloaded assembly
- Finished resetting the current domain, in  1.572 seconds
Domain Reload Profiling: 2631ms
	BeginReloadAssembly (153ms)
		DisableScriptedObjects (4ms)
		CreateAndSetChildDomain (26ms)
	RebuildCommonClasses (7ms)
	RebuildNativeTypeToScriptingClass (14ms)
	initialDomainReloadingComplete (71ms)
	LoadAllAssembliesAndSetupDomain (812ms)
		LoadAssemblies (349ms)
		AnalyzeDomain (427ms)
			TypeCache.Refresh (334ms)
				TypeCache.ScanAssembly (312ms)
			BuildScriptInfoCaches (84ms)
			ResolveRequiredComponents (7ms)
	FinalizeReload (1573ms)
		SetupLoadedEditorAssemblies (0ms)
			BeforeProcessingInitializeOnLoad (109ms)
			ProcessInitializeOnLoadAttributes (817ms)
			ProcessInitializeOnLoadMethodAttributes (489ms)
			AfterProcessingInitializeOnLoad (5ms)
AcceleratorClientConnectionCallback - disconnected - :0
Launched and connected shader compiler UnityShaderCompiler.exe after 0.01 seconds
Unloading 65 Unused Serialized files (Serialized files now loaded: 0)
Curl error 3: URL rejected: Malformed input to a URL function
Unloading 10718 unused Assets / (22.9 MB). Loaded Objects now: 11634.
Memory consumption went from 496.6 MB to 473.7 MB.
Total: 23.292500 ms (FindLiveObjects: 0.996300 ms CreateObjectMapping: 4.481500 ms MarkObjects: 12.609600 ms  DeleteObjects: 5.202600 ms)

========================================================================
Received Import Request.
  Time of request: 2026-07-06T19:42:41.8834271Z
  Time since last request: 796687.99007279996295 seconds.
  importAddress: GUID: 98020e54fb1d7924dbfea2605715dac1 - Path: Assets/Planet Icons/Planet1.png - Importer: ScriptedImporter/UnityEditor.QuickSearchModule:UnityEditor.Search:ASIAI0B
Importing 'GUID: 98020e54fb1d7924dbfea2605715dac1 - Path: Assets/Planet Icons/Planet1.png - Importer: ScriptedImporter/UnityEditor.QuickSearchModule:UnityEditor.Search:ASIAI0B' with importer (ScriptedImporter : UnityEditor.QuickSearchModule:UnityEditor.Search:ASIAI0B)
Imported 'GUID: 98020e54fb1d7924dbfea2605715dac1' -> (Import Result ID: 'f8842612a63039931b407f2791a7f57d') in 0.187 seconds [static and dynamic dependencies]. Details - ImportResultOutputID=f68205304265531b6f82834c243d66a6 DependenciesID=26c490f6631f4866ef8c4794e82c425f StaticDependenciesID=3e943aaf8ab5f96f353e523ee14c3907 
Number of updated asset objects reloaded before import = 0
Number of asset objects unloaded after import = 3
========================================================================
Received Prepare
AcceleratorClientConnectionCallback - disconnected - :0
Unloading 65 Unused Serialized files (Serialized files now loaded: 0)
Unloading 10692 unused Assets / (20.8 MB). Loaded Objects now: 11636.
Memory consumption went from 495.7 MB to 474.9 MB.
Total: 74.134400 ms (FindLiveObjects: 1.144500 ms CreateObjectMapping: 15.452800 ms MarkObjects: 40.435300 ms  DeleteObjects: 17.100100 ms)

Prepare: number of updated asset objects reloaded= 0
========================================================================
Received Import Request.
  Time of request: 2026-07-06T19:55:03.4630109Z
  Time since last request: 741.37346290000005 seconds.
  importAddress: GUID: 000c6f8ca7f880f117555e375616113b - Path: Assets/PlanetMerge.cs - Importer: ScriptedImporter/UnityEditor.QuickSearchModule:UnityEditor.Search:ASIAI0B
Importing 'GUID: 000c6f8ca7f880f117555e375616113b - Path: Assets/PlanetMerge.cs - Importer: ScriptedImporter/UnityEditor.QuickSearchModule:UnityEditor.Search:ASIAI0B' with importer (ScriptedImporter : UnityEditor.QuickSearchModule:UnityEditor.Search:ASIAI0B)
Imported 'GUID: 000c6f8ca7f880f117555e375616113b' -> (Import Result ID: 'a61b2167b080b512d35dc6ef0e29d257') in 0.005 seconds [static and dynamic dependencies]. Details - ImportResultOutputID=5faa364aa655489ab8036b026c4e2eb9 DependenciesID=83821f03afaea9eef8a46f8c43395dd9 StaticDependenciesID=ab42e36b1fc431328f27e9fa9b928561 
Number of updated asset objects reloaded before import = 0
Number of asset objects unloaded after import = 0
========================================================================
Received Prepare
AcceleratorClientConnectionCallback - disconnected - :0
[Licensing::Client] Successfully resolved entitlement details
Begin MonoManager ReloadAssembly
Symbol file LoadedFromMemory is not a mono symbol file
Symbol file LoadedFromMemory is not a mono symbol file
Refreshing native plugins compatible for Editor in 2.09 ms, found 6 plugins.
Native extension for WindowsStandalone target not found
Native extension for WebGL target not found
[Package Manager] Failed to launch server process. Reason: Unity was launched with the -noUpm command-line argument
[Package Manager] Unable to send message (not connected to server process).
[Package Manager] Cannot connect to Unity Package Manager local server
[Package Manager] Failed to launch server process. Reason: Unity was launched with the -noUpm command-line argument
[Package Manager] Unable to send message (not connected to server process).
[Package Manager] Cannot connect to Unity Package Manager local server
[Licensing::Client] Error: Code 404 while processing request (status: Found 0 entitlement groups and 0 free entitlements matching requested entitlement ids)
ScheduleIndexationOnStartup MainProcess:False IndexOnStartup:True
Mono: successfully reloaded assembly
- Finished resetting the current domain, in  1.448 seconds
Domain Reload Profiling: 2784ms
	BeginReloadAssembly (316ms)
		DisableScriptedObjects (12ms)
		CreateAndSetChildDomain (118ms)
	RebuildCommonClasses (10ms)
	RebuildNativeTypeToScriptingClass (18ms)
	initialDomainReloadingComplete (120ms)
	LoadAllAssembliesAndSetupDomain (871ms)
		LoadAssemblies (436ms)
		AnalyzeDomain (366ms)
			TypeCache.Refresh (15ms)
			BuildScriptInfoCaches (338ms)
			ResolveRequiredComponents (11ms)
	FinalizeReload (1449ms)
		SetupLoadedEditorAssemblies (0ms)
			BeforeProcessingInitializeOnLoad (129ms)
			ProcessInitializeOnLoadAttributes (627ms)
			ProcessInitializeOnLoadMethodAttributes (452ms)
			AfterProcessingInitializeOnLoad (5ms)
		AwakeInstancesAfterBackupRestoration (18ms)
Unloading 65 Unused Serialized files (Serialized files now loaded: 0)
Unloading 10716 unused Assets / (21.7 MB). Loaded Objects now: 11640.
Memory consumption went from 479.7 MB to 458.1 MB.
Total: 24.190700 ms (FindLiveObjects: 1.001800 ms CreateObjectMapping: 4.935000 ms MarkObjects: 12.414800 ms  DeleteObjects: 5.836700 ms)

Prepare: number of updated asset objects reloaded= 0
========================================================================
Received Prepare
AcceleratorClientConnectionCallback - disconnected - :0
Unloading 65 Unused Serialized files (Serialized files now loaded: 0)
Unloading 65 unused Assets / (13.7 MB). Loaded Objects now: 11640.
Memory consumption went from 475.1 MB to 461.3 MB.
Total: 21.289600 ms (FindLiveObjects: 0.838200 ms CreateObjectMapping: 2.185600 ms MarkObjects: 15.937000 ms  DeleteObjects: 2.327100 ms)

Prepare: number of updated asset objects reloaded= 0
========================================================================
Received Prepare
AcceleratorClientConnectionCallback - disconnected - :0
Refreshing native plugins compatible for Editor in 2.27 ms, found 6 plugins.
Unloading 65 Unused Serialized files (Serialized files now loaded: 0)
Unloading 65 unused Assets / (13.7 MB). Loaded Objects now: 11640.
Memory consumption went from 478.0 MB to 464.3 MB.
Total: 17.800000 ms (FindLiveObjects: 0.529700 ms CreateObjectMapping: 2.791700 ms MarkObjects: 12.788900 ms  DeleteObjects: 1.688500 ms)

Prepare: number of updated asset objects reloaded= 0
========================================================================
Received Prepare
AcceleratorClientConnectionCallback - disconnected - :0
Unloading 65 Unused Serialized files (Serialized files now loaded: 0)
Unloading 65 unused Assets / (13.7 MB). Loaded Objects now: 11640.
Memory consumption went from 481.0 MB to 467.2 MB.
Total: 17.812500 ms (FindLiveObjects: 0.582700 ms CreateObjectMapping: 2.195600 ms MarkObjects: 13.408200 ms  DeleteObjects: 1.624300 ms)

Prepare: number of updated asset objects reloaded= 0
========================================================================
Received Import Request.
  Time of request: 2026-07-06T20:05:10.2979947Z
  Time since last request: 606.8166665 seconds.
  importAddress: GUID: 4d21d2aa63e95ea498afdd817238d026 - Path: Assets/PlanetLauncher.cs - Importer: ScriptedImporter/UnityEditor.QuickSearchModule:UnityEditor.Search:ASIAI0B
Importing 'GUID: 4d21d2aa63e95ea498afdd817238d026 - Path: Assets/PlanetLauncher.cs - Importer: ScriptedImporter/UnityEditor.QuickSearchModule:UnityEditor.Search:ASIAI0B' with importer (ScriptedImporter : UnityEditor.QuickSearchModule:UnityEditor.Search:ASIAI0B)
Imported 'GUID: 4d21d2aa63e95ea498afdd817238d026' -> (Import Result ID: '2ceb710c8df87a306f484d34f5d6836b') in 0.071 seconds [static and dynamic dependencies]. Details - ImportResultOutputID=a58eb64ecdc3335bdd6653257a287d0b DependenciesID=0e5217352d1133dbc4ca1a341330b667 StaticDependenciesID=7bacbee0875ea9e88aadfe8bec30e632 
Number of updated asset objects reloaded before import = 0
Number of asset objects unloaded after import = 0
========================================================================
Received Import Request.
  Time of request: 2026-07-06T20:05:10.3841789Z
  Time since last request: 0.0003404 seconds.
  importAddress: GUID: bcb8c9eddb6a9f1468443be0f6f442df - Path: Assets/GameManager.cs - Importer: ScriptedImporter/UnityEditor.QuickSearchModule:UnityEditor.Search:ASIAI0B
Importing 'GUID: bcb8c9eddb6a9f1468443be0f6f442df - Path: Assets/GameManager.cs - Importer: ScriptedImporter/UnityEditor.QuickSearchModule:UnityEditor.Search:ASIAI0B' with importer (ScriptedImporter : UnityEditor.QuickSearchModule:UnityEditor.Search:ASIAI0B)
Imported 'GUID: bcb8c9eddb6a9f1468443be0f6f442df' -> (Import Result ID: 'bf992cd0f65f3964d547b1d366a2adfd') in 0.008 seconds [static and dynamic dependencies]. Details - ImportResultOutputID=c80b9f171a249214c80fc692c56e7ea6 DependenciesID=9fe00d9947ee769539e8120c1aca7c98 StaticDependenciesID=632a81e7c07b761007ec16970e3c556f 
Number of updated asset objects reloaded before import = 0
Number of asset objects unloaded after import = 0
========================================================================
Received Prepare
AcceleratorClientConnectionCallback - disconnected - :0
Refreshing native plugins compatible for Editor in 2.30 ms, found 6 plugins.
Unloading 65 Unused Serialized files (Serialized files now loaded: 0)
Unloading 67 unused Assets / (13.7 MB). Loaded Objects now: 11640.
Memory consumption went from 470.6 MB to 456.9 MB.
Total: 21.505000 ms (FindLiveObjects: 0.977800 ms CreateObjectMapping: 2.381700 ms MarkObjects: 15.904000 ms  DeleteObjects: 2.240000 ms)

Prepare: number of updated asset objects reloaded= 0
========================================================================
Received Import Request.
  Time of request: 2026-07-06T20:06:37.6793386Z
  Time since last request: 87.2730895 seconds.
  importAddress: GUID: 603fc024be9b949468e2ed37b069c7b1 - Path: Assets/Planet.prefab - Importer: PreviewImporter
Importing 'GUID: 603fc024be9b949468e2ed37b069c7b1 - Path: Assets/Planet.prefab - Importer: PreviewImporter' with importer (PreviewImporter)
Imported 'GUID: 603fc024be9b949468e2ed37b069c7b1' -> (Import Result ID: '07e7eb373e702eb0a2c04381cb77e327') in 0.396 seconds [static and dynamic dependencies]. Details - ImportResultOutputID=12d29eaa23086a6dd8681b9b77497fe4 DependenciesID=edfe399c0c7162e648fc9804edcd5b62 StaticDependenciesID=1700ad305f75adf7788b565939e1cd3d 
Number of updated asset objects reloaded before import = 0
Number of asset objects unloaded after import = 27
========================================================================
Received Prepare
AcceleratorClientConnectionCallback - disconnected - :0
Refreshing native plugins compatible for Editor in 2.21 ms, found 6 plugins.
Unloading 65 Unused Serialized files (Serialized files now loaded: 0)
Unloading 65 unused Assets / (13.7 MB). Loaded Objects now: 11742.
Memory consumption went from 483.1 MB to 469.4 MB.
Total: 17.835500 ms (FindLiveObjects: 0.681500 ms CreateObjectMapping: 1.899700 ms MarkObjects: 13.385100 ms  DeleteObjects: 1.866600 ms)

Prepare: number of updated asset objects reloaded= 0
========================================================================
Received Prepare
AcceleratorClientConnectionCallback - disconnected - :0
Refreshing native plugins compatible for Editor in 2.25 ms, found 6 plugins.
Unloading 65 Unused Serialized files (Serialized files now loaded: 0)
Unloading 65 unused Assets / (13.7 MB). Loaded Objects now: 11742.
Memory consumption went from 486.0 MB to 472.3 MB.
Total: 25.083800 ms (FindLiveObjects: 0.923400 ms CreateObjectMapping: 2.075200 ms MarkObjects: 19.753300 ms  DeleteObjects: 2.330000 ms)

Prepare: number of updated asset objects reloaded= 0
========================================================================
Received Prepare
AcceleratorClientConnectionCallback - disconnected - :0
Refreshing native plugins compatible for Editor in 2.73 ms, found 6 plugins.
Unloading 65 Unused Serialized files (Serialized files now loaded: 0)
Unloading 65 unused Assets / (13.7 MB). Loaded Objects now: 11742.
Memory consumption went from 489.0 MB to 475.2 MB.
Total: 21.368100 ms (FindLiveObjects: 0.587100 ms CreateObjectMapping: 2.086200 ms MarkObjects: 17.031500 ms  DeleteObjects: 1.661700 ms)

Prepare: number of updated asset objects reloaded= 0
========================================================================
Received Import Request.
  Time of request: 2026-07-06T20:13:42.3180667Z
  Time since last request: 424.22612709999999 seconds.
  importAddress: GUID: 603fc024be9b949468e2ed37b069c7b1 - Path: Assets/Planet.prefab - Importer: PreviewImporter
Importing 'GUID: 603fc024be9b949468e2ed37b069c7b1 - Path: Assets/Planet.prefab - Importer: PreviewImporter' with importer (PreviewImporter)
Imported 'GUID: 603fc024be9b949468e2ed37b069c7b1' -> (Import Result ID: '7821228e51594a41653262f24edb9cfe') in 0.020 seconds [static and dynamic dependencies]. Details - ImportResultOutputID=09698806b4680bed7e43d77210ad41be DependenciesID=6be4d8891a35f1a40eaddf7414d242f8 StaticDependenciesID=f071fcc930c31ad7f64e848111b16045 
Number of updated asset objects reloaded before import = 0
Number of asset objects unloaded after import = 27
========================================================================
Received Prepare
AcceleratorClientConnectionCallback - disconnected - :0
Refreshing native plugins compatible for Editor in 2.21 ms, found 6 plugins.
Unloading 65 Unused Serialized files (Serialized files now loaded: 0)
Unloading 65 unused Assets / (13.7 MB). Loaded Objects now: 11742.
Memory consumption went from 483.1 MB to 469.3 MB.
Total: 23.536500 ms (FindLiveObjects: 0.618200 ms CreateObjectMapping: 2.566000 ms MarkObjects: 18.310100 ms  DeleteObjects: 2.040100 ms)

Prepare: number of updated asset objects reloaded= 0
========================================================================
Received Prepare
AcceleratorClientConnectionCallback - disconnected - :0
Refreshing native plugins compatible for Editor in 2.93 ms, found 6 plugins.
Unloading 65 Unused Serialized files (Serialized files now loaded: 0)
Unloading 65 unused Assets / (13.7 MB). Loaded Objects now: 11742.
Memory consumption went from 486.0 MB to 472.3 MB.
Total: 24.154900 ms (FindLiveObjects: 0.764500 ms CreateObjectMapping: 2.175800 ms MarkObjects: 19.095100 ms  DeleteObjects: 2.117600 ms)

Prepare: number of updated asset objects reloaded= 0
========================================================================
Received Prepare
AcceleratorClientConnectionCallback - disconnected - :0
Refreshing native plugins compatible for Editor in 2.40 ms, found 6 plugins.
Unloading 65 Unused Serialized files (Serialized files now loaded: 0)
Unloading 65 unused Assets / (13.7 MB). Loaded Objects now: 11742.
Memory consumption went from 489.0 MB to 475.2 MB.
Total: 23.916400 ms (FindLiveObjects: 0.638400 ms CreateObjectMapping: 2.182400 ms MarkObjects: 19.486700 ms  DeleteObjects: 1.606800 ms)

Prepare: number of updated asset objects reloaded= 0
========================================================================
Received Prepare
AcceleratorClientConnectionCallback - disconnected - :0
Refreshing native plugins compatible for Editor in 2.00 ms, found 6 plugins.
Unloading 65 Unused Serialized files (Serialized files now loaded: 0)
Unloading 65 unused Assets / (13.7 MB). Loaded Objects now: 11742.
Memory consumption went from 491.9 MB to 478.2 MB.
Total: 20.014200 ms (FindLiveObjects: 0.687300 ms CreateObjectMapping: 1.877900 ms MarkObjects: 15.465600 ms  DeleteObjects: 1.982100 ms)

Prepare: number of updated asset objects reloaded= 0
========================================================================
Received Prepare
AcceleratorClientConnectionCallback - disconnected - :0
Refreshing native plugins compatible for Editor in 2.13 ms, found 6 plugins.
Unloading 65 Unused Serialized files (Serialized files now loaded: 0)
Unloading 65 unused Assets / (13.7 MB). Loaded Objects now: 11742.
Memory consumption went from 494.8 MB to 481.1 MB.
Total: 19.686400 ms (FindLiveObjects: 0.546800 ms CreateObjectMapping: 2.309100 ms MarkObjects: 14.908700 ms  DeleteObjects: 1.919500 ms)

Prepare: number of updated asset objects reloaded= 0
========================================================================
Received Prepare
AcceleratorClientConnectionCallback - disconnected - :0
Refreshing native plugins compatible for Editor in 2.25 ms, found 6 plugins.
Unloading 65 Unused Serialized files (Serialized files now loaded: 0)
Unloading 65 unused Assets / (13.7 MB). Loaded Objects now: 11742.
Memory consumption went from 497.8 MB to 484.0 MB.
Total: 22.049100 ms (FindLiveObjects: 0.574000 ms CreateObjectMapping: 1.982400 ms MarkObjects: 17.150500 ms  DeleteObjects: 2.340600 ms)

Prepare: number of updated asset objects reloaded= 0
========================================================================
Received Prepare
AcceleratorClientConnectionCallback - disconnected - :0
Refreshing native plugins compatible for Editor in 2.02 ms, found 6 plugins.
Unloading 65 Unused Serialized files (Serialized files now loaded: 0)
Unloading 65 unused Assets / (13.7 MB). Loaded Objects now: 11742.
Memory consumption went from 500.8 MB to 487.0 MB.
Total: 21.118200 ms (FindLiveObjects: 0.853400 ms CreateObjectMapping: 1.988000 ms MarkObjects: 15.933600 ms  DeleteObjects: 2.342100 ms)

Prepare: number of updated asset objects reloaded= 0
========================================================================
Received Prepare
AcceleratorClientConnectionCallback - disconnected - :0
Unloading 65 Unused Serialized files (Serialized files now loaded: 0)
Unloading 65 unused Assets / (13.7 MB). Loaded Objects now: 11742.
Memory consumption went from 503.7 MB to 490.0 MB.
Total: 21.692300 ms (FindLiveObjects: 0.691100 ms CreateObjectMapping: 1.891500 ms MarkObjects: 17.268400 ms  DeleteObjects: 1.840000 ms)

Prepare: number of updated asset objects reloaded= 0
========================================================================
Received Prepare
AcceleratorClientConnectionCallback - disconnected - :0
Unloading 65 Unused Serialized files (Serialized files now loaded: 0)
Unloading 65 unused Assets / (13.7 MB). Loaded Objects now: 11742.
Memory consumption went from 506.7 MB to 492.9 MB.
Total: 18.284600 ms (FindLiveObjects: 0.502600 ms CreateObjectMapping: 2.366600 ms MarkObjects: 13.650100 ms  DeleteObjects: 1.764000 ms)

Prepare: number of updated asset objects reloaded= 0
========================================================================
Received Prepare
AcceleratorClientConnectionCallback - disconnected - :0
Refreshing native plugins compatible for Editor in 2.69 ms, found 6 plugins.
Unloading 65 Unused Serialized files (Serialized files now loaded: 0)
Unloading 65 unused Assets / (13.7 MB). Loaded Objects now: 11742.
Memory consumption went from 509.6 MB to 495.9 MB.
Total: 21.271000 ms (FindLiveObjects: 0.604400 ms CreateObjectMapping: 2.424000 ms MarkObjects: 15.847500 ms  DeleteObjects: 2.393600 ms)

Prepare: number of updated asset objects reloaded= 0
========================================================================
Received Prepare
AcceleratorClientConnectionCallback - disconnected - :0
Unloading 65 Unused Serialized files (Serialized files now loaded: 0)
Unloading 65 unused Assets / (13.7 MB). Loaded Objects now: 11742.
Memory consumption went from 0.50 GB to 498.9 MB.
Total: 18.059300 ms (FindLiveObjects: 0.546500 ms CreateObjectMapping: 1.955800 ms MarkObjects: 13.788600 ms  DeleteObjects: 1.767300 ms)

Prepare: number of updated asset objects reloaded= 0
========================================================================
Received Prepare
AcceleratorClientConnectionCallback - disconnected - :0
Refreshing native plugins compatible for Editor in 2.17 ms, found 6 plugins.
Unloading 65 Unused Serialized files (Serialized files now loaded: 0)
Unloading 65 unused Assets / (13.7 MB). Loaded Objects now: 11742.
Memory consumption went from 0.50 GB to 501.8 MB.
Total: 23.050600 ms (FindLiveObjects: 0.793500 ms CreateObjectMapping: 2.133100 ms MarkObjects: 18.357800 ms  DeleteObjects: 1.764400 ms)

Prepare: number of updated asset objects reloaded= 0
========================================================================
Received Prepare
AcceleratorClientConnectionCallback - disconnected - :0
Refreshing native plugins compatible for Editor in 2.76 ms, found 6 plugins.
Unloading 65 Unused Serialized files (Serialized files now loaded: 0)
Unloading 65 unused Assets / (13.7 MB). Loaded Objects now: 11742.
Memory consumption went from 0.51 GB to 504.8 MB.
Total: 22.318800 ms (FindLiveObjects: 0.732200 ms CreateObjectMapping: 2.381300 ms MarkObjects: 17.401900 ms  DeleteObjects: 1.801900 ms)

Prepare: number of updated asset objects reloaded= 0
========================================================================
Received Import Request.
  Time of request: 2026-07-06T20:32:05.5902042Z
  Time since last request: 1103.23584849999997 seconds.
  importAddress: GUID: 603fc024be9b949468e2ed37b069c7b1 - Path: Assets/Planet.prefab - Importer: PreviewImporter
Importing 'GUID: 603fc024be9b949468e2ed37b069c7b1 - Path: Assets/Planet.prefab - Importer: PreviewImporter' with importer (PreviewImporter)
Imported 'GUID: 603fc024be9b949468e2ed37b069c7b1' -> (Import Result ID: 'b2a06b484879498b0817486a4bdc2a68') in 0.030 seconds [static and dynamic dependencies]. Details - ImportResultOutputID=e2348fce32de4a020fc336637afc2f3b DependenciesID=1d8e0fe3ee37cee7ba8b0656b05e2a90 StaticDependenciesID=ffa80b2613693cc17c17c77679a4b949 
Number of updated asset objects reloaded before import = 0
Number of asset objects unloaded after import = 25
========================================================================
Received Prepare
AcceleratorClientConnectionCallback - disconnected - :0
Refreshing native plugins compatible for Editor in 3.25 ms, found 6 plugins.
Unloading 65 Unused Serialized files (Serialized files now loaded: 0)
Unloading 65 unused Assets / (13.7 MB). Loaded Objects now: 11742.
Memory consumption went from 483.4 MB to 469.6 MB.
Total: 24.500500 ms (FindLiveObjects: 0.634600 ms CreateObjectMapping: 2.474600 ms MarkObjects: 19.241700 ms  DeleteObjects: 2.147400 ms)

Prepare: number of updated asset objects reloaded= 0
========================================================================
Received Import Request.
  Time of request: 2026-07-06T20:35:24.3265452Z
  Time since last request: 198.69340560000001 seconds.
  importAddress: GUID: 603fc024be9b949468e2ed37b069c7b1 - Path: Assets/Planet.prefab - Importer: PreviewImporter
Importing 'GUID: 603fc024be9b949468e2ed37b069c7b1 - Path: Assets/Planet.prefab - Importer: PreviewImporter' with importer (PreviewImporter)
Imported 'GUID: 603fc024be9b949468e2ed37b069c7b1' -> (Import Result ID: '9478862216c44c2cb731d8ba81bd92d3') in 0.022 seconds [static and dynamic dependencies]. Details - ImportResultOutputID=e2348fce32de4a020fc336637afc2f3b DependenciesID=4f835b2b552b6bcf7889ea862bde2b22 StaticDependenciesID=3190da549c7978eab140e1c19c3f23c7 
Number of updated asset objects reloaded before import = 0
Number of asset objects unloaded after import = 25
========================================================================
Received Prepare
AcceleratorClientConnectionCallback - disconnected - :0
Refreshing native plugins compatible for Editor in 2.17 ms, found 6 plugins.
Unloading 65 Unused Serialized files (Serialized files now loaded: 0)
Unloading 65 unused Assets / (13.7 MB). Loaded Objects now: 11742.
Memory consumption went from 483.4 MB to 469.6 MB.
Total: 20.493800 ms (FindLiveObjects: 0.656600 ms CreateObjectMapping: 1.953700 ms MarkObjects: 16.226600 ms  DeleteObjects: 1.655300 ms)

Prepare: number of updated asset objects reloaded= 0
========================================================================
Received Prepare
AcceleratorClientConnectionCallback - disconnected - :0
Refreshing native plugins compatible for Editor in 2.07 ms, found 6 plugins.
Unloading 65 Unused Serialized files (Serialized files now loaded: 0)
Unloading 65 unused Assets / (13.7 MB). Loaded Objects now: 11742.
Memory consumption went from 486.3 MB to 472.6 MB.
Total: 22.684700 ms (FindLiveObjects: 0.644500 ms CreateObjectMapping: 2.053600 ms MarkObjects: 18.081200 ms  DeleteObjects: 1.903500 ms)

Prepare: number of updated asset objects reloaded= 0
========================================================================
Received Import Request.
  Time of request: 2026-07-06T21:08:45.7421508Z
  Time since last request: 2001.3808681999999 seconds.
  importAddress: GUID: 603fc024be9b949468e2ed37b069c7b1 - Path: Assets/Planet.prefab - Importer: PreviewImporter
Importing 'GUID: 603fc024be9b949468e2ed37b069c7b1 - Path: Assets/Planet.prefab - Importer: PreviewImporter' with importer (PreviewImporter)
Imported 'GUID: 603fc024be9b949468e2ed37b069c7b1' -> (Import Result ID: '2c17b1ed65b4de7c8e972385962eb918') in 0.016 seconds [static and dynamic dependencies]. Details - ImportResultOutputID=e2348fce32de4a020fc336637afc2f3b DependenciesID=8f960efd185d45de58efca5a60442b7c StaticDependenciesID=8d63bce24d280979e7f5ca7d64065942 
Number of updated asset objects reloaded before import = 0
Number of asset objects unloaded after import = 25
========================================================================
Received Prepare
AcceleratorClientConnectionCallback - disconnected - :0
Refreshing native plugins compatible for Editor in 2.06 ms, found 6 plugins.
Unloading 65 Unused Serialized files (Serialized files now loaded: 0)
Unloading 65 unused Assets / (13.7 MB). Loaded Objects now: 11742.
Memory consumption went from 483.4 MB to 469.6 MB.
Total: 20.875300 ms (FindLiveObjects: 0.605600 ms CreateObjectMapping: 2.085800 ms MarkObjects: 16.320800 ms  DeleteObjects: 1.861300 ms)

Prepare: number of updated asset objects reloaded= 0
Editor requested this worker to shutdown with reason: Editor is closing down
AcceleratorClientConnectionCallback - disconnected - :0
AssetImportWorker is now disconnected from the server
Process exiting
Exiting without the bug reporter. Application will terminate with return code 0