[Licensing::Module] Trying to connect to existing licensing client channel...
Built from '6000.5/staging' branch; Version is '6000.5.2f1 (eb73d3b415a1) revision 15430611'; Using compiler version '194234433'; Build Type 'Release'
OS: 'Windows 10  (10.0.19045) 64bit Core' Language: 'tr' Physical Memory: 65277 MB
[Licensing::IpcConnector] Successfully connected to: "LicenseClient-sinan" at "2026-07-06T19:42:41.9837045Z"
BatchMode: 1, IsHumanControllingUs: 0, StartBugReporterOnCrash: 0, Is64bit: 1
System  architecture: x64
Process architecture: x64
Date: 2026-07-06T19:42:41Z
[Licensing::Client] Code 10 while verifying Licensing Client signature (process Id: 24052, path: "C:/Program Files/Unity/Hub/Editor/6000.5.2f1/Editor/Data/Resources/Licensing/Client/Unity.Licensing.Client.exe")
[Licensing::Module] LicensingClient has failed validation; ignoring
[Licensing::Client] Handshaking with LicensingClient:
  Version:                 1.18.1+9fbee8e
  Session Id:              8ba8e8f5433d45a7964b1231ef654f76
  Correlation Id:          848629e144d59ac3f8ffdf175efc8cd6
  External correlation Id: 1934800975740548117
  Machine Id:              mheBRT8/V9Rl8MnthXCG6BIwWXk=
[Licensing::Module] Successfully connected to LicensingClient on channel: "LicenseClient-sinan" (connect: 0.00s, validation: 0.00s, handshake: 0.03s)
[Licensing::IpcConnector] Successfully connected to: "LicenseClient-sinan-notifications" at "2026-07-06T19:42:42.0191202Z"
[Licensing::Module] Licensing Background thread has ended after 0.04s

COMMAND LINE ARGUMENTS:
C:\Program Files\Unity\Hub\Editor\6000.5.2f1\Editor\Unity.exe
-adb2
-batchMode
-noUpm
-name
AssetImportWorkerHW4
-projectPath
S:/Tayacknity/Planet Boom
-logFile
Logs/AssetImportWorkerHW4.log
-srvPort
55078
-parentPid
28244
-analyticsCloudUserId
18968333192240
-analyticsCloudProjectId
4e0b67e1-a46b-4720-a1bc-de7a41bfdefe
-analyticsLocalProjectId
aa5567b0f99b3bb47aab0e5043ff7496
-licensingIpc
LicenseClient-sinan
-noDiagnosticSwitchPersistentStore
-job-worker-count
5
-background-job-worker-count
8
-asset-garbage-collectors
1
-force-d3d12
-name
AssetImport
Successfully changed project path to: S:/Tayacknity/Planet Boom
S:/Tayacknity/Planet Boom
[UnityMemory] Configuration Parameters - Can be set up in boot.config
    "memorysetup-temp-allocator-size-gi-baking-worker=262144"
    "memorysetup-temp-allocator-size-gi-baking-worker=262144"
    "memorysetup-temp-allocator-size-gi-baking-worker=262144"
    "memorysetup-temp-allocator-size-gi-baking-worker=262144"
    "memorysetup-temp-allocator-size-gi-baking-worker=262144"
    "memorysetup-temp-allocator-size-nav-mesh-worker=65536"
    "memorysetup-temp-allocator-size-audio-worker=65536"
    "memorysetup-temp-allocator-size-cloud-worker=32768"
    "memorysetup-temp-allocator-size-gfx=262144"
    "memorysetup-temp-allocator-size-preload-manager=33554432"
    "memorysetup-allocator-temp-initial-block-size-main=262144"
    "memorysetup-allocator-temp-initial-block-size-worker=262144"
    "memorysetup-temp-allocator-size-job-worker=262144"
    "memorysetup-temp-allocator-size-background-worker=32768"
    "memorysetup-bucket-allocator-granularity=16"
    "memorysetup-bucket-allocator-bucket-count=8"
    "memorysetup-bucket-allocator-block-size=33554432"
    "memorysetup-bucket-allocator-block-count=8"
    "memorysetup-main-allocator-block-size=16777216"
    "memorysetup-thread-allocator-block-size=16777216"
    "memorysetup-main-allocator-mimalloc-enabled=0"
    "memorysetup-gfx-main-allocator-block-size=16777216"
    "memorysetup-gfx-thread-allocator-block-size=16777216"
    "memorysetup-cache-allocator-block-size=4194304"
    "memorysetup-typetree-allocator-block-size=2097152"
    "memorysetup-profiler-bucket-allocator-granularity=16"
    "memorysetup-profiler-bucket-allocator-bucket-count=8"
    "memorysetup-profiler-bucket-allocator-block-size=33554432"
    "memorysetup-profiler-bucket-allocator-block-count=8"
    "memorysetup-profiler-allocator-block-size=16777216"
    "memorysetup-profiler-editor-allocator-block-size=1048576"
    "memorysetup-temp-allocator-size-main=16777216"
    "memorysetup-job-temp-allocator-block-size=2097152"
    "memorysetup-job-temp-allocator-block-size-background=1048576"
    "memorysetup-job-temp-allocator-reduction-small-platforms=262144"
Player connection [19192]  Target information:

Player connection [19192]  * "[IP] 192.168.1.135 [Port] 0 [Flags] 2 [Guid] 993944077 [EditorId] 993944077 [Version] 1048832 [Id] WindowsEditor(7,DESKTOP-0PUB5I4) [Debug] 1 [PackageName] WindowsEditor [ProjectName] Editor" 

Player connection [19192] Host joined multi-casting on [225.0.0.222:54997]...
Player connection [19192] Host joined alternative multi-casting on [225.0.0.222:34997]...
JobSystem: Creating JobQueue using job-worker-count value 5
Input System module state changed to: Initialized.
[Physics::Module] Initialized fallback backend.
[Physics::Module] Id: 0xdecafbad
Library Redirect Path: Library/
[Physics::Module] Selected backend.
[Physics::Module] Name: PhysX
[Physics::Module] Id: 0xf2b8ea05
[Physics::Module] SDK Version: 4.1.2
[Physics::Module] Integration Version: 1.0.0
[Physics::Module] Threading Mode: Multi-Threaded
Refreshing native plugins compatible for Editor in 3.78 ms, found 6 plugins.
Initialize engine version: 6000.5.2f1 (eb73d3b415a1)
[Subsystems] Discovering subsystems at path C:/Program Files/Unity/Hub/Editor/6000.5.2f1/Editor/Data/Resources/UnitySubsystems
[Subsystems] Discovering subsystems at path S:/Tayacknity/Planet Boom/Assets
Forcing GfxDevice: Direct3D 12
GfxDevice: creating device client; kGfxThreadingModeNonThreaded
d3d12: failed to query info queue interface (0x80004002).
Direct3D:
    Version:         Direct3D 12 [level 12.2]
    Renderer:        NVIDIA GeForce RTX 3070 Ti (ID=0x2482)
    Vendor:          NVIDIA
    VRAM:            8017 MB
    App VRAM Budget: 7249 MB
    Driver:          32.0.16.1062
Initialize mono
Mono path[0] = 'C:/Program Files/Unity/Hub/Editor/6000.5.2f1/Editor/Data/Managed'
Mono path[1] = 'C:/Program Files/Unity/Hub/Editor/6000.5.2f1/Editor/Data/BCLExtensions/runtime/netstandard2.1'
Mono path[2] = 'C:/Program Files/Unity/Hub/Editor/6000.5.2f1/Editor/Data/MonoBleedingEdge/lib/mono/unityjit-win32'
Mono config path = 'C:/Program Files/Unity/Hub/Editor/6000.5.2f1/Editor/Data/MonoBleedingEdge/etc'
Using monoOptions --debugger-agent=transport=dt_socket,embedding=1,server=y,suspend=n,address=127.0.0.1:56624
CodeReloadManager initialized
Begin MonoManager ReloadAssembly
Registering precompiled unity dll's ...
Register platform support module: C:/Program Files/Unity/Hub/Editor/6000.5.2f1/Editor/Data/PlaybackEngines/WebGLSupport/UnityEditor.WebGL.Extensions.dll
Register platform support module: C:/Program Files/Unity/Hub/Editor/6000.5.2f1/Editor/Data/PlaybackEngines/WindowsStandaloneSupport/UnityEditor.WindowsStandalone.Extensions.dll
Registered in 0.001469 seconds.
Native extension for WindowsStandalone target not found
Native extension for WebGL target not found
Package Manager log level set to [2]
[Package Manager] Failed to launch server process. Reason: Unity was launched with the -noUpm command-line argument
[Package Manager] Unable to send message (not connected to server process).
[Package Manager] Cannot connect to Unity Package Manager local server
ScheduleIndexationOnStartup MainProcess:False IndexOnStartup:True
Mono: successfully reloaded assembly
- Finished resetting the current domain, in  0.338 seconds
Domain Reload Profiling: 775ms
	BeginReloadAssembly (112ms)
	RebuildCommonClasses (4ms)
	RebuildNativeTypeToScriptingClass (13ms)
	initialDomainReloadingComplete (54ms)
	LoadAllAssembliesAndSetupDomain (253ms)
		LoadAssemblies (109ms)
		AnalyzeDomain (186ms)
			TypeCache.Refresh (185ms)
				TypeCache.ScanAssembly (172ms)
	FinalizeReload (339ms)
		SetupLoadedEditorAssemblies (0ms)
			BeforeProcessingInitializeOnLoad (79ms)
			ProcessInitializeOnLoadAttributes (89ms)
			ProcessInitializeOnLoadMethodAttributes (96ms)
Initializing Unity extensions:
[Licensing::Client] Successfully resolved entitlement details
[Licensing::Module] License group:
  Id: 18968333192240-UnityPersXXXX
  Product: Unity Personal
  Type: Assigned
  Expiration: Unlimited
========================================================================
Worker process is ready to serve import requests
Import Worker Mode flag is 0x00
Begin MonoManager ReloadAssembly
Symbol file LoadedFromMemory is not a mono symbol file
Symbol file LoadedFromMemory is not a mono symbol file
Native extension for WindowsStandalone target not found
Native extension for WebGL target not found
[Package Manager] Failed to launch server process. Reason: Unity was launched with the -noUpm command-line argument
[Package Manager] Unable to send message (not connected to server process).
[Package Manager] Cannot connect to Unity Package Manager local server
[Package Manager] Failed to launch server process. Reason: Unity was launched with the -noUpm command-line argument
[Package Manager] Unable to send message (not connected to server process).
[Package Manager] Cannot connect to Unity Package Manager local server
[Licensing::Client] Error: Code 404 while processing request (status: Found 0 entitlement groups and 0 free entitlements matching requested entitlement ids)
ScheduleIndexationOnStartup MainProcess:False IndexOnStartup:True
Mono: successfully reloaded assembly
- Finished resetting the current domain, in  1.539 seconds
Domain Reload Profiling: 2584ms
	BeginReloadAssembly (155ms)
		DisableScriptedObjects (4ms)
		CreateAndSetChildDomain (26ms)
	RebuildCommonClasses (7ms)
	RebuildNativeTypeToScriptingClass (14ms)
	initialDomainReloadingComplete (69ms)
	LoadAllAssembliesAndSetupDomain (799ms)
		LoadAssemblies (345ms)
		AnalyzeDomain (419ms)
			TypeCache.Refresh (327ms)
				TypeCache.ScanAssembly (305ms)
			BuildScriptInfoCaches (83ms)
			ResolveRequiredComponents (7ms)
	FinalizeReload (1540ms)
		SetupLoadedEditorAssemblies (0ms)
			BeforeProcessingInitializeOnLoad (114ms)
			ProcessInitializeOnLoadAttributes (783ms)
			ProcessInitializeOnLoadMethodAttributes (475ms)
			AfterProcessingInitializeOnLoad (4ms)
		AwakeInstancesAfterBackupRestoration (4ms)
AcceleratorClientConnectionCallback - disconnected - :0
Launched and connected shader compiler UnityShaderCompiler.exe after 0.01 seconds
Unloading 65 Unused Serialized files (Serialized files now loaded: 0)
Curl error 3: URL rejected: Malformed input to a URL function
Unloading 10718 unused Assets / (23.0 MB). Loaded Objects now: 11634.
Memory consumption went from 497.5 MB to 474.5 MB.
Total: 24.851200 ms (FindLiveObjects: 1.293300 ms CreateObjectMapping: 5.321300 ms MarkObjects: 12.775000 ms  DeleteObjects: 5.458900 ms)

========================================================================
Received Prepare
AcceleratorClientConnectionCallback - disconnected - :0
Refreshing native plugins compatible for Editor in 2.68 ms, found 6 plugins.
Unloading 65 Unused Serialized files (Serialized files now loaded: 0)
Unloading 10692 unused Assets / (20.7 MB). Loaded Objects now: 11634.
Memory consumption went from 493.4 MB to 472.6 MB.
Total: 59.251700 ms (FindLiveObjects: 1.022500 ms CreateObjectMapping: 5.983000 ms MarkObjects: 37.747000 ms  DeleteObjects: 14.497500 ms)

Prepare: number of updated asset objects reloaded= 0
========================================================================
Received Import Request.
  Time of request: 2026-07-06T19:55:03.4629779Z
  Time since last request: 797429.57073609996587 seconds.
  importAddress: GUID: 59fe94ae734e32b21609883100fd9ea5 - Path: Assets/Planet.cs - Importer: ScriptedImporter/UnityEditor.QuickSearchModule:UnityEditor.Search:ASIAI0B
Importing 'GUID: 59fe94ae734e32b21609883100fd9ea5 - Path: Assets/Planet.cs - Importer: ScriptedImporter/UnityEditor.QuickSearchModule:UnityEditor.Search:ASIAI0B' with importer (ScriptedImporter : UnityEditor.QuickSearchModule:UnityEditor.Search:ASIAI0B)
Imported 'GUID: 59fe94ae734e32b21609883100fd9ea5' -> (Import Result ID: '9472c64f8ff453e0e37f825d8e48a126') in 0.082 seconds [static and dynamic dependencies]. Details - ImportResultOutputID=e3d71f6be684113f2d6b9b0bb3aa8b3c DependenciesID=551b3c91582e6ce97d7e5bf8f902b8d3 StaticDependenciesID=99af4f0bbb18592fc68666f7c5058794 
Number of updated asset objects reloaded before import = 0
Number of asset objects unloaded after import = 0
========================================================================
Received Prepare
AcceleratorClientConnectionCallback - disconnected - :0
[Licensing::Client] Successfully resolved entitlement details
Begin MonoManager ReloadAssembly
Symbol file LoadedFromMemory is not a mono symbol file
Symbol file LoadedFromMemory is not a mono symbol file
Native extension for WindowsStandalone target not found
Native extension for WebGL target not found
[Package Manager] Failed to launch server process. Reason: Unity was launched with the -noUpm command-line argument
[Package Manager] Unable to send message (not connected to server process).
[Package Manager] Cannot connect to Unity Package Manager local server
Refreshing native plugins compatible for Editor in 2.74 ms, found 6 plugins.
[Package Manager] Failed to launch server process. Reason: Unity was launched with the -noUpm command-line argument
[Package Manager] Unable to send message (not connected to server process).
[Package Manager] Cannot connect to Unity Package Manager local server
[Licensing::Client] Error: Code 404 while processing request (status: Found 0 entitlement groups and 0 free entitlements matching requested entitlement ids)
ScheduleIndexationOnStartup MainProcess:False IndexOnStartup:True
Mono: successfully reloaded assembly
- Finished resetting the current domain, in  1.462 seconds
Domain Reload Profiling: 2800ms
	BeginReloadAssembly (321ms)
		DisableScriptedObjects (13ms)
		CreateAndSetChildDomain (119ms)
	RebuildCommonClasses (9ms)
	RebuildNativeTypeToScriptingClass (24ms)
	initialDomainReloadingComplete (115ms)
	LoadAllAssembliesAndSetupDomain (867ms)
		LoadAssemblies (433ms)
		AnalyzeDomain (372ms)
			TypeCache.Refresh (17ms)
			BuildScriptInfoCaches (343ms)
			ResolveRequiredComponents (9ms)
	FinalizeReload (1463ms)
		SetupLoadedEditorAssemblies (0ms)
			BeforeProcessingInitializeOnLoad (125ms)
			ProcessInitializeOnLoadAttributes (635ms)
			ProcessInitializeOnLoadMethodAttributes (460ms)
			AfterProcessingInitializeOnLoad (5ms)
		AwakeInstancesAfterBackupRestoration (18ms)
Unloading 65 Unused Serialized files (Serialized files now loaded: 0)
Unloading 10716 unused Assets / (21.7 MB). Loaded Objects now: 11640.
Memory consumption went from 481.7 MB to 460.0 MB.
Total: 25.443300 ms (FindLiveObjects: 0.980400 ms CreateObjectMapping: 4.669400 ms MarkObjects: 13.577300 ms  DeleteObjects: 6.214800 ms)

Prepare: number of updated asset objects reloaded= 0
========================================================================
Received Import Request.
  Time of request: 2026-07-06T20:00:41.1748171Z
  Time since last request: 337.6137018 seconds.
  importAddress: GUID: 000c6f8ca7f880f117555e375616113b - Path: Assets/PlanetMerge.cs - Importer: PreviewImporter
Importing 'GUID: 000c6f8ca7f880f117555e375616113b - Path: Assets/PlanetMerge.cs - Importer: PreviewImporter' with importer (PreviewImporter)
Imported 'GUID: 000c6f8ca7f880f117555e375616113b' -> (Import Result ID: '04dc8a5cc95c01e065fe93d7fbe2ba8b') in 0.004 seconds [static and dynamic dependencies]. Details - ImportResultOutputID=aa5638a7906efe06f3f4ceb04601b30b DependenciesID=0343f8f6631ccb43cf8a3c4c028a10ef StaticDependenciesID=d8dc269e17e3761efc4cf07baf881dd2 
Number of updated asset objects reloaded before import = 0
Number of asset objects unloaded after import = 0
========================================================================
Received Import Request.
  Time of request: 2026-07-06T20:01:50.6993175Z
  Time since last request: 69.5070269 seconds.
  importAddress: GUID: 603fc024be9b949468e2ed37b069c7b1 - Path: Assets/Planet.prefab - Importer: PreviewImporter
Importing 'GUID: 603fc024be9b949468e2ed37b069c7b1 - Path: Assets/Planet.prefab - Importer: PreviewImporter' with importer (PreviewImporter)
Imported 'GUID: 603fc024be9b949468e2ed37b069c7b1' -> (Import Result ID: '355b6b20b0553ade6767523b15cb0cb7') in 0.330 seconds [static and dynamic dependencies]. Details - ImportResultOutputID=09698806b4680bed7e43d77210ad41be DependenciesID=a523990f639aea0442e82c6e8b4b6e3c StaticDependenciesID=0122802504178f75bc6bd9ff679352ab 
Number of updated asset objects reloaded before import = 0
Number of asset objects unloaded after import = 11
========================================================================
Received Prepare
AcceleratorClientConnectionCallback - disconnected - :0
Unloading 65 Unused Serialized files (Serialized files now loaded: 0)
Unloading 65 unused Assets / (13.7 MB). Loaded Objects now: 11742.
Memory consumption went from 481.4 MB to 467.6 MB.
Total: 20.439400 ms (FindLiveObjects: 0.742500 ms CreateObjectMapping: 2.197200 ms MarkObjects: 14.818200 ms  DeleteObjects: 2.679700 ms)

Prepare: number of updated asset objects reloaded= 0
========================================================================
Received Prepare
AcceleratorClientConnectionCallback - disconnected - :0
Unloading 65 Unused Serialized files (Serialized files now loaded: 0)
Unloading 65 unused Assets / (13.7 MB). Loaded Objects now: 11742.
Memory consumption went from 484.3 MB to 470.5 MB.
Total: 18.450800 ms (FindLiveObjects: 0.547000 ms CreateObjectMapping: 2.748400 ms MarkObjects: 13.387100 ms  DeleteObjects: 1.767000 ms)

Prepare: number of updated asset objects reloaded= 0
========================================================================
Received Prepare
AcceleratorClientConnectionCallback - disconnected - :0
Refreshing native plugins compatible for Editor in 2.21 ms, found 6 plugins.
Unloading 65 Unused Serialized files (Serialized files now loaded: 0)
Unloading 65 unused Assets / (13.7 MB). Loaded Objects now: 11742.
Memory consumption went from 487.2 MB to 473.4 MB.
Total: 18.855400 ms (FindLiveObjects: 0.522100 ms CreateObjectMapping: 1.831100 ms MarkObjects: 14.994600 ms  DeleteObjects: 1.506200 ms)

Prepare: number of updated asset objects reloaded= 0
========================================================================
Received Import Request.
  Time of request: 2026-07-06T20:05:03.6207716Z
  Time since last request: 192.57740609999999 seconds.
  importAddress: GUID: 603fc024be9b949468e2ed37b069c7b1 - Path: Assets/Planet.prefab - Importer: PreviewImporter
Importing 'GUID: 603fc024be9b949468e2ed37b069c7b1 - Path: Assets/Planet.prefab - Importer: PreviewImporter' with importer (PreviewImporter)
Imported 'GUID: 603fc024be9b949468e2ed37b069c7b1' -> (Import Result ID: '9e3985f5fa0da5beb2699e69bb493396') in 0.011 seconds [static and dynamic dependencies]. Details - ImportResultOutputID=09698806b4680bed7e43d77210ad41be DependenciesID=106c6c86ef2e130d770979c309d0ac6d StaticDependenciesID=1b68b170d35a48dfb303f2a48f883932 
Number of updated asset objects reloaded before import = 0
Number of asset objects unloaded after import = 11
========================================================================
Received Import Request.
  Time of request: 2026-07-06T20:05:10.2979689Z
  Time since last request: 6.6532138 seconds.
  importAddress: GUID: 603fc024be9b949468e2ed37b069c7b1 - Path: Assets/Planet.prefab - Importer: ScriptedImporter/UnityEditor.QuickSearchModule:UnityEditor.Search:ASIAI0B
Importing 'GUID: 603fc024be9b949468e2ed37b069c7b1 - Path: Assets/Planet.prefab - Importer: ScriptedImporter/UnityEditor.QuickSearchModule:UnityEditor.Search:ASIAI0B' with importer (ScriptedImporter : UnityEditor.QuickSearchModule:UnityEditor.Search:ASIAI0B)
Imported 'GUID: 603fc024be9b949468e2ed37b069c7b1' -> (Import Result ID: 'cee5043a0dd97290b20a15b0aca36dbb') in 0.119 seconds [static and dynamic dependencies]. Details - ImportResultOutputID=1ca5b2a54d29fac8d65c9e6017ecb4db DependenciesID=7216d8331d12f8d68edd50e64ca756ef StaticDependenciesID=05cd41d5daa912e6c9dd7a6b09d7d78f 
Number of updated asset objects reloaded before import = 0
Number of asset objects unloaded after import = 11
========================================================================
Received Import Request.
  Time of request: 2026-07-06T20:05:20.0030813Z
  Time since last request: 9.5720159 seconds.
  importAddress: GUID: 603fc024be9b949468e2ed37b069c7b1 - Path: Assets/Planet.prefab - Importer: ScriptedImporter/UnityEditor.QuickSearchModule:UnityEditor.Search:ASIAI0B
Importing 'GUID: 603fc024be9b949468e2ed37b069c7b1 - Path: Assets/Planet.prefab - Importer: ScriptedImporter/UnityEditor.QuickSearchModule:UnityEditor.Search:ASIAI0B' with importer (ScriptedImporter : UnityEditor.QuickSearchModule:UnityEditor.Search:ASIAI0B)
Imported 'GUID: 603fc024be9b949468e2ed37b069c7b1' -> (Import Result ID: 'a7f0d3458998da48b087de841f30d4fd') in 0.006 seconds [static and dynamic dependencies]. Details - ImportResultOutputID=460237c2c45ee7e7f9d8e7c8824fa438 DependenciesID=50fcfdeb9c21d8cd93ebca1ab5f34eb1 StaticDependenciesID=d5c85e792ec5bc26f43b696039746627 
Number of updated asset objects reloaded before import = 0
Number of asset objects unloaded after import = 12
========================================================================
Received Import Request.
  Time of request: 2026-07-06T20:05:22.095304Z
  Time since last request: 2.0736836 seconds.
  importAddress: GUID: 603fc024be9b949468e2ed37b069c7b1 - Path: Assets/Planet.prefab - Importer: ScriptedImporter/UnityEditor.QuickSearchModule:UnityEditor.Search:ASIAI0B
Importing 'GUID: 603fc024be9b949468e2ed37b069c7b1 - Path: Assets/Planet.prefab - Importer: ScriptedImporter/UnityEditor.QuickSearchModule:UnityEditor.Search:ASIAI0B' with importer (ScriptedImporter : UnityEditor.QuickSearchModule:UnityEditor.Search:ASIAI0B)
Imported 'GUID: 603fc024be9b949468e2ed37b069c7b1' -> (Import Result ID: '149483d2de43bc5efaa7b0e138974c4e') in 0.006 seconds [static and dynamic dependencies]. Details - ImportResultOutputID=50edea8a94d5835401938b94a640afa2 DependenciesID=b3fdca60dba72fa6346b2fe62b6771cf StaticDependenciesID=d77eda1ee53ed728d852c0befe428f44 
Number of updated asset objects reloaded before import = 0
Number of asset objects unloaded after import = 13
========================================================================
Received Import Request.
  Time of request: 2026-07-06T20:05:24.3783683Z
  Time since last request: 2.2649675 seconds.
  importAddress: GUID: 603fc024be9b949468e2ed37b069c7b1 - Path: Assets/Planet.prefab - Importer: ScriptedImporter/UnityEditor.QuickSearchModule:UnityEditor.Search:ASIAI0B
Importing 'GUID: 603fc024be9b949468e2ed37b069c7b1 - Path: Assets/Planet.prefab - Importer: ScriptedImporter/UnityEditor.QuickSearchModule:UnityEditor.Search:ASIAI0B' with importer (ScriptedImporter : UnityEditor.QuickSearchModule:UnityEditor.Search:ASIAI0B)
Imported 'GUID: 603fc024be9b949468e2ed37b069c7b1' -> (Import Result ID: 'de70b73e130d426c4be8bec04e7b1221') in 0.006 seconds [static and dynamic dependencies]. Details - ImportResultOutputID=25faa75e304f3a63bcaa779f1babe44a DependenciesID=2b7c69834348e10bfeebb15ada57cf21 StaticDependenciesID=8ce2d8ffb7a77d41c032e9fcb074f2af 
Number of updated asset objects reloaded before import = 0
Number of asset objects unloaded after import = 14
========================================================================
Received Import Request.
  Time of request: 2026-07-06T20:05:27.8127856Z
  Time since last request: 3.4166982 seconds.
  importAddress: GUID: 603fc024be9b949468e2ed37b069c7b1 - Path: Assets/Planet.prefab - Importer: ScriptedImporter/UnityEditor.QuickSearchModule:UnityEditor.Search:ASIAI0B
Importing 'GUID: 603fc024be9b949468e2ed37b069c7b1 - Path: Assets/Planet.prefab - Importer: ScriptedImporter/UnityEditor.QuickSearchModule:UnityEditor.Search:ASIAI0B' with importer (ScriptedImporter : UnityEditor.QuickSearchModule:UnityEditor.Search:ASIAI0B)
Imported 'GUID: 603fc024be9b949468e2ed37b069c7b1' -> (Import Result ID: 'dbc5b4def66677c52b7c1361c6a5ac1b') in 0.007 seconds [static and dynamic dependencies]. Details - ImportResultOutputID=d70c533df30e7db07fc596c7844cfe8f DependenciesID=b85273018d50ff6b9c6cc1534e6570e4 StaticDependenciesID=5ebf730cac561f2e4006364328d5d0e1 
Number of updated asset objects reloaded before import = 0
Number of asset objects unloaded after import = 15
========================================================================
Received Import Request.
  Time of request: 2026-07-06T20:05:30.1009634Z
  Time since last request: 2.2689859 seconds.
  importAddress: GUID: 603fc024be9b949468e2ed37b069c7b1 - Path: Assets/Planet.prefab - Importer: ScriptedImporter/UnityEditor.QuickSearchModule:UnityEditor.Search:ASIAI0B
Importing 'GUID: 603fc024be9b949468e2ed37b069c7b1 - Path: Assets/Planet.prefab - Importer: ScriptedImporter/UnityEditor.QuickSearchModule:UnityEditor.Search:ASIAI0B' with importer (ScriptedImporter : UnityEditor.QuickSearchModule:UnityEditor.Search:ASIAI0B)
Imported 'GUID: 603fc024be9b949468e2ed37b069c7b1' -> (Import Result ID: '680b31186b8422629e94f028e109bc3c') in 0.008 seconds [static and dynamic dependencies]. Details - ImportResultOutputID=0b5b79135cf9c8f0d15821faff0af94c DependenciesID=15f8341e1276f5596ee0ad28ae7cc08a StaticDependenciesID=a005ed15643c80cc8703c32845017e01 
Number of updated asset objects reloaded before import = 0
Number of asset objects unloaded after import = 16
========================================================================
Received Import Request.
  Time of request: 2026-07-06T20:05:32.2252349Z
  Time since last request: 2.1037697 seconds.
  importAddress: GUID: 603fc024be9b949468e2ed37b069c7b1 - Path: Assets/Planet.prefab - Importer: ScriptedImporter/UnityEditor.QuickSearchModule:UnityEditor.Search:ASIAI0B
Importing 'GUID: 603fc024be9b949468e2ed37b069c7b1 - Path: Assets/Planet.prefab - Importer: ScriptedImporter/UnityEditor.QuickSearchModule:UnityEditor.Search:ASIAI0B' with importer (ScriptedImporter : UnityEditor.QuickSearchModule:UnityEditor.Search:ASIAI0B)
Imported 'GUID: 603fc024be9b949468e2ed37b069c7b1' -> (Import Result ID: '7df1374f97d17073336ddc267611ea10') in 0.007 seconds [static and dynamic dependencies]. Details - ImportResultOutputID=3ef9d9c3315e2f84c3d073eee6fe7d68 DependenciesID=98fa454e252c86ddf755a88f7efdc0f0 StaticDependenciesID=e4b5c39e5f9786626872ad671f1afb06 
Number of updated asset objects reloaded before import = 0
Number of asset objects unloaded after import = 17
========================================================================
Received Import Request.
  Time of request: 2026-07-06T20:05:34.683252Z
  Time since last request: 2.4390343 seconds.
  importAddress: GUID: 603fc024be9b949468e2ed37b069c7b1 - Path: Assets/Planet.prefab - Importer: ScriptedImporter/UnityEditor.QuickSearchModule:UnityEditor.Search:ASIAI0B
Importing 'GUID: 603fc024be9b949468e2ed37b069c7b1 - Path: Assets/Planet.prefab - Importer: ScriptedImporter/UnityEditor.QuickSearchModule:UnityEditor.Search:ASIAI0B' with importer (ScriptedImporter : UnityEditor.QuickSearchModule:UnityEditor.Search:ASIAI0B)
Imported 'GUID: 603fc024be9b949468e2ed37b069c7b1' -> (Import Result ID: '48304392db5488c460afeebac5d2d80b') in 0.008 seconds [static and dynamic dependencies]. Details - ImportResultOutputID=7fdef5cb7609a70d64f5191411e10a5a DependenciesID=a002a5a46030167429dd39ef6dc42e6b StaticDependenciesID=42d0ecb374edaf8bf5028105cec5f36f 
Number of updated asset objects reloaded before import = 0
Number of asset objects unloaded after import = 18
========================================================================
Received Import Request.
  Time of request: 2026-07-06T20:05:36.7622264Z
  Time since last request: 2.0563996 seconds.
  importAddress: GUID: 603fc024be9b949468e2ed37b069c7b1 - Path: Assets/Planet.prefab - Importer: ScriptedImporter/UnityEditor.QuickSearchModule:UnityEditor.Search:ASIAI0B
Importing 'GUID: 603fc024be9b949468e2ed37b069c7b1 - Path: Assets/Planet.prefab - Importer: ScriptedImporter/UnityEditor.QuickSearchModule:UnityEditor.Search:ASIAI0B' with importer (ScriptedImporter : UnityEditor.QuickSearchModule:UnityEditor.Search:ASIAI0B)
Imported 'GUID: 603fc024be9b949468e2ed37b069c7b1' -> (Import Result ID: '99c19c0ea8b6201a282956a295807a19') in 0.006 seconds [static and dynamic dependencies]. Details - ImportResultOutputID=c95aa8694fe6e0b569aa38a45c562c4f DependenciesID=f5bc89cb27ed88bbd77bde1e4c5dd7db StaticDependenciesID=5e52d57d7db1021da7c7bdd82bc21c62 
Number of updated asset objects reloaded before import = 0
Number of asset objects unloaded after import = 19
========================================================================
Received Import Request.
  Time of request: 2026-07-06T20:06:25.7543966Z
  Time since last request: 48.9738607 seconds.
  importAddress: GUID: 603fc024be9b949468e2ed37b069c7b1 - Path: Assets/Planet.prefab - Importer: PreviewImporter
Importing 'GUID: 603fc024be9b949468e2ed37b069c7b1 - Path: Assets/Planet.prefab - Importer: PreviewImporter' with importer (PreviewImporter)
Imported 'GUID: 603fc024be9b949468e2ed37b069c7b1' -> (Import Result ID: '51c3e667f297e7b0847ac0a22f7553a2') in 0.021 seconds [static and dynamic dependencies]. Details - ImportResultOutputID=09698806b4680bed7e43d77210ad41be DependenciesID=5301a79710e54130dd33d2da68a2f9ce StaticDependenciesID=ac47280769a534ab84abefc3d36b564a 
Number of updated asset objects reloaded before import = 0
Number of asset objects unloaded after import = 27
========================================================================
Received Prepare
AcceleratorClientConnectionCallback - disconnected - :0
Refreshing native plugins compatible for Editor in 2.73 ms, found 6 plugins.
Unloading 65 Unused Serialized files (Serialized files now loaded: 0)
Unloading 65 unused Assets / (13.7 MB). Loaded Objects now: 11742.
Memory consumption went from 484.3 MB to 470.5 MB.
Total: 22.635000 ms (FindLiveObjects: 1.019200 ms CreateObjectMapping: 2.445900 ms MarkObjects: 17.442500 ms  DeleteObjects: 1.725400 ms)

Prepare: number of updated asset objects reloaded= 0
========================================================================
Received Import Request.
  Time of request: 2026-07-06T20:06:41.4050657Z
  Time since last request: 15.6168708 seconds.
  importAddress: GUID: 603fc024be9b949468e2ed37b069c7b1 - Path: Assets/Planet.prefab - Importer: ScriptedImporter/UnityEditor.QuickSearchModule:UnityEditor.Search:ASIAI0B
Importing 'GUID: 603fc024be9b949468e2ed37b069c7b1 - Path: Assets/Planet.prefab - Importer: ScriptedImporter/UnityEditor.QuickSearchModule:UnityEditor.Search:ASIAI0B' with importer (ScriptedImporter : UnityEditor.QuickSearchModule:UnityEditor.Search:ASIAI0B)
Imported 'GUID: 603fc024be9b949468e2ed37b069c7b1' -> (Import Result ID: 'd4dcfd8b7fe73c3a2116693aa8f141d5') in 0.007 seconds [static and dynamic dependencies]. Details - ImportResultOutputID=47113dd5a87355e71b5a15c0484d1d41 DependenciesID=6742dba9747b31a0789b47a4a485eefb StaticDependenciesID=d01aaf1f484fcb98191fc513c2054fd3 
Number of updated asset objects reloaded before import = 0
Number of asset objects unloaded after import = 19
========================================================================
Received Prepare
AcceleratorClientConnectionCallback - disconnected - :0
Refreshing native plugins compatible for Editor in 2.20 ms, found 6 plugins.
Unloading 65 Unused Serialized files (Serialized files now loaded: 0)
Unloading 65 unused Assets / (13.7 MB). Loaded Objects now: 11742.
Memory consumption went from 487.2 MB to 473.5 MB.
Total: 18.214800 ms (FindLiveObjects: 0.688600 ms CreateObjectMapping: 1.883600 ms MarkObjects: 13.945200 ms  DeleteObjects: 1.696400 ms)

Prepare: number of updated asset objects reloaded= 0
========================================================================
Received Import Request.
  Time of request: 2026-07-06T20:06:57.1080075Z
  Time since last request: 15.68068 seconds.
  importAddress: GUID: 59fe94ae734e32b21609883100fd9ea5 - Path: Assets/Planet.cs - Importer: PreviewImporter
Importing 'GUID: 59fe94ae734e32b21609883100fd9ea5 - Path: Assets/Planet.cs - Importer: PreviewImporter' with importer (PreviewImporter)
Imported 'GUID: 59fe94ae734e32b21609883100fd9ea5' -> (Import Result ID: '38b27ad24fa0943e1b1e2b5070b5b414') in 0.002 seconds [static and dynamic dependencies]. Details - ImportResultOutputID=b5d2495622a3a7fe4c9ee0b18258432c DependenciesID=13437880d560982395053dec18c596e8 StaticDependenciesID=714fa62f23e3d446118cf144db321034 
Number of updated asset objects reloaded before import = 0
Number of asset objects unloaded after import = 0
========================================================================
Received Prepare
AcceleratorClientConnectionCallback - disconnected - :0
Refreshing native plugins compatible for Editor in 2.60 ms, found 6 plugins.
Unloading 65 Unused Serialized files (Serialized files now loaded: 0)
Unloading 65 unused Assets / (13.7 MB). Loaded Objects now: 11742.
Memory consumption went from 487.2 MB to 473.5 MB.
Total: 25.357300 ms (FindLiveObjects: 0.711100 ms CreateObjectMapping: 2.061500 ms MarkObjects: 19.958500 ms  DeleteObjects: 2.624200 ms)

Prepare: number of updated asset objects reloaded= 0
========================================================================
Received Import Request.
  Time of request: 2026-07-06T20:13:22.6234001Z
  Time since last request: 385.50153740000002 seconds.
  importAddress: GUID: 603fc024be9b949468e2ed37b069c7b1 - Path: Assets/Planet.prefab - Importer: PreviewImporter
Importing 'GUID: 603fc024be9b949468e2ed37b069c7b1 - Path: Assets/Planet.prefab - Importer: PreviewImporter' with importer (PreviewImporter)
Imported 'GUID: 603fc024be9b949468e2ed37b069c7b1' -> (Import Result ID: 'dc39c0e08afb7b7e8cca8782e4092ce7') in 0.016 seconds [static and dynamic dependencies]. Details - ImportResultOutputID=09698806b4680bed7e43d77210ad41be DependenciesID=039cae4db802346c49043152b204db05 StaticDependenciesID=e82f637d8ba2828695210ed1f4531eec 
Number of updated asset objects reloaded before import = 0
Number of asset objects unloaded after import = 27
========================================================================
Received Prepare
AcceleratorClientConnectionCallback - disconnected - :0
Refreshing native plugins compatible for Editor in 2.21 ms, found 6 plugins.
Unloading 65 Unused Serialized files (Serialized files now loaded: 0)
Unloading 65 unused Assets / (13.7 MB). Loaded Objects now: 11742.
Memory consumption went from 484.3 MB to 470.6 MB.
Total: 20.365300 ms (FindLiveObjects: 0.634700 ms CreateObjectMapping: 2.050100 ms MarkObjects: 15.830200 ms  DeleteObjects: 1.848900 ms)

Prepare: number of updated asset objects reloaded= 0
========================================================================
Received Prepare
AcceleratorClientConnectionCallback - disconnected - :0
Refreshing native plugins compatible for Editor in 2.38 ms, found 6 plugins.
Unloading 65 Unused Serialized files (Serialized files now loaded: 0)
Unloading 65 unused Assets / (13.7 MB). Loaded Objects now: 11742.
Memory consumption went from 487.2 MB to 473.5 MB.
Total: 24.122100 ms (FindLiveObjects: 0.697600 ms CreateObjectMapping: 2.862900 ms MarkObjects: 18.096100 ms  DeleteObjects: 2.464100 ms)

Prepare: number of updated asset objects reloaded= 0
========================================================================
Received Import Request.
  Time of request: 2026-07-06T20:15:16.1513005Z
  Time since last request: 113.4967867 seconds.
  importAddress: GUID: 603fc024be9b949468e2ed37b069c7b1 - Path: Assets/Planet.prefab - Importer: PreviewImporter
Importing 'GUID: 603fc024be9b949468e2ed37b069c7b1 - Path: Assets/Planet.prefab - Importer: PreviewImporter' with importer (PreviewImporter)
Imported 'GUID: 603fc024be9b949468e2ed37b069c7b1' -> (Import Result ID: '54b40a60cfc88881d6012158a91d8d92') in 0.015 seconds [static and dynamic dependencies]. Details - ImportResultOutputID=09698806b4680bed7e43d77210ad41be DependenciesID=c8dd5faad84a1d0c64835130a05903a4 StaticDependenciesID=4f2b738739413fc1642d52770de61061 
Number of updated asset objects reloaded before import = 0
Number of asset objects unloaded after import = 27
========================================================================
Received Prepare
AcceleratorClientConnectionCallback - disconnected - :0
Refreshing native plugins compatible for Editor in 2.43 ms, found 6 plugins.
Unloading 65 Unused Serialized files (Serialized files now loaded: 0)
Unloading 65 unused Assets / (13.7 MB). Loaded Objects now: 11742.
Memory consumption went from 484.3 MB to 470.6 MB.
Total: 22.759600 ms (FindLiveObjects: 0.739400 ms CreateObjectMapping: 2.220000 ms MarkObjects: 17.707000 ms  DeleteObjects: 2.092000 ms)

Prepare: number of updated asset objects reloaded= 0
========================================================================
Received Prepare
AcceleratorClientConnectionCallback - disconnected - :0
Refreshing native plugins compatible for Editor in 2.91 ms, found 6 plugins.
Unloading 65 Unused Serialized files (Serialized files now loaded: 0)
Unloading 65 unused Assets / (13.7 MB). Loaded Objects now: 11742.
Memory consumption went from 487.2 MB to 473.4 MB.
Total: 21.580800 ms (FindLiveObjects: 0.598900 ms CreateObjectMapping: 2.058600 ms MarkObjects: 17.250500 ms  DeleteObjects: 1.671100 ms)

Prepare: number of updated asset objects reloaded= 0
========================================================================
Received Import Request.
  Time of request: 2026-07-06T20:20:37.3110292Z
  Time since last request: 321.13078400000001 seconds.
  importAddress: GUID: 603fc024be9b949468e2ed37b069c7b1 - Path: Assets/Planet.prefab - Importer: PreviewImporter
Importing 'GUID: 603fc024be9b949468e2ed37b069c7b1 - Path: Assets/Planet.prefab - Importer: PreviewImporter' with importer (PreviewImporter)
Imported 'GUID: 603fc024be9b949468e2ed37b069c7b1' -> (Import Result ID: 'a239f6912ea034ab85a0341c2a1332c2') in 0.018 seconds [static and dynamic dependencies]. Details - ImportResultOutputID=09698806b4680bed7e43d77210ad41be DependenciesID=6a65f1441905b6276badb899fe830992 StaticDependenciesID=96910a13c32fdd50c334b6272921311c 
Number of updated asset objects reloaded before import = 0
Number of asset objects unloaded after import = 27
========================================================================
Received Import Request.
  Time of request: 2026-07-06T20:20:38.0235681Z
  Time since last request: 0.6802955 seconds.
  importAddress: GUID: 603fc024be9b949468e2ed37b069c7b1 - Path: Assets/Planet.prefab - Importer: ScriptedImporter/UnityEditor.QuickSearchModule:UnityEditor.Search:ASIAI0B
Importing 'GUID: 603fc024be9b949468e2ed37b069c7b1 - Path: Assets/Planet.prefab - Importer: ScriptedImporter/UnityEditor.QuickSearchModule:UnityEditor.Search:ASIAI0B' with importer (ScriptedImporter : UnityEditor.QuickSearchModule:UnityEditor.Search:ASIAI0B)
Imported 'GUID: 603fc024be9b949468e2ed37b069c7b1' -> (Import Result ID: 'd3b1aabae8af2f7723036b8bc5113a1d') in 0.008 seconds [static and dynamic dependencies]. Details - ImportResultOutputID=273f3467fe356f010df6a61dc192d43b DependenciesID=132b60aaba136cb7fdd33885fd9787d4 StaticDependenciesID=948e7345ba260cbe61d8d4f25890c0bc 
Number of updated asset objects reloaded before import = 0
Number of asset objects unloaded after import = 19
========================================================================
Received Prepare
AcceleratorClientConnectionCallback - disconnected - :0
Refreshing native plugins compatible for Editor in 2.76 ms, found 6 plugins.
Unloading 65 Unused Serialized files (Serialized files now loaded: 0)
Unloading 65 unused Assets / (13.7 MB). Loaded Objects now: 11742.
Memory consumption went from 484.3 MB to 470.5 MB.
Total: 21.784000 ms (FindLiveObjects: 0.859700 ms CreateObjectMapping: 2.213300 ms MarkObjects: 16.516000 ms  DeleteObjects: 2.192900 ms)

Prepare: number of updated asset objects reloaded= 0
========================================================================
Received Import Request.
  Time of request: 2026-07-06T20:21:02.7517707Z
  Time since last request: 24.708244 seconds.
  importAddress: GUID: 603fc024be9b949468e2ed37b069c7b1 - Path: Assets/Planet.prefab - Importer: PreviewImporter
Importing 'GUID: 603fc024be9b949468e2ed37b069c7b1 - Path: Assets/Planet.prefab - Importer: PreviewImporter' with importer (PreviewImporter)
Imported 'GUID: 603fc024be9b949468e2ed37b069c7b1' -> (Import Result ID: '63d89fd9e7445882541427a66b22fbf6') in 0.019 seconds [static and dynamic dependencies]. Details - ImportResultOutputID=09698806b4680bed7e43d77210ad41be DependenciesID=1400526284a8586c679044cd84a39619 StaticDependenciesID=e2c9b5a542804257a4a9195c66ae1ba2 
Number of updated asset objects reloaded before import = 0
Number of asset objects unloaded after import = 27
========================================================================
Received Prepare
AcceleratorClientConnectionCallback - disconnected - :0
Refreshing native plugins compatible for Editor in 2.86 ms, found 6 plugins.
Unloading 65 Unused Serialized files (Serialized files now loaded: 0)
Unloading 65 unused Assets / (13.7 MB). Loaded Objects now: 11742.
Memory consumption went from 484.3 MB to 470.6 MB.
Total: 20.516700 ms (FindLiveObjects: 0.543800 ms CreateObjectMapping: 1.967400 ms MarkObjects: 16.430000 ms  DeleteObjects: 1.574200 ms)

Prepare: number of updated asset objects reloaded= 0
========================================================================
Received Prepare
AcceleratorClientConnectionCallback - disconnected - :0
Refreshing native plugins compatible for Editor in 2.21 ms, found 6 plugins.
Unloading 65 Unused Serialized files (Serialized files now loaded: 0)
Unloading 65 unused Assets / (13.7 MB). Loaded Objects now: 11742.
Memory consumption went from 487.2 MB to 473.5 MB.
Total: 22.609700 ms (FindLiveObjects: 0.616800 ms CreateObjectMapping: 1.996800 ms MarkObjects: 17.841500 ms  DeleteObjects: 2.152700 ms)

Prepare: number of updated asset objects reloaded= 0
========================================================================
Received Import Request.
  Time of request: 2026-07-06T20:21:23.6066207Z
  Time since last request: 20.8219005 seconds.
  importAddress: GUID: 603fc024be9b949468e2ed37b069c7b1 - Path: Assets/Planet.prefab - Importer: ScriptedImporter/UnityEditor.QuickSearchModule:UnityEditor.Search:ASIAI0B
Importing 'GUID: 603fc024be9b949468e2ed37b069c7b1 - Path: Assets/Planet.prefab - Importer: ScriptedImporter/UnityEditor.QuickSearchModule:UnityEditor.Search:ASIAI0B' with importer (ScriptedImporter : UnityEditor.QuickSearchModule:UnityEditor.Search:ASIAI0B)
Imported 'GUID: 603fc024be9b949468e2ed37b069c7b1' -> (Import Result ID: '654fa5df391443b9731d0c87094f9359') in 0.007 seconds [static and dynamic dependencies]. Details - ImportResultOutputID=52eeb592d31652b6623bfa139fabed13 DependenciesID=0c42342b210c14511ec8d8f63b6120fe StaticDependenciesID=b454bd23a52ddaa1caec51aba070ea84 
Number of updated asset objects reloaded before import = 0
Number of asset objects unloaded after import = 19
========================================================================
Received Prepare
AcceleratorClientConnectionCallback - disconnected - :0
Refreshing native plugins compatible for Editor in 2.03 ms, found 6 plugins.
Unloading 65 Unused Serialized files (Serialized files now loaded: 0)
Unloading 65 unused Assets / (13.7 MB). Loaded Objects now: 11742.
Memory consumption went from 490.1 MB to 476.4 MB.
Total: 19.304000 ms (FindLiveObjects: 1.009600 ms CreateObjectMapping: 2.007500 ms MarkObjects: 14.543600 ms  DeleteObjects: 1.742000 ms)

Prepare: number of updated asset objects reloaded= 0
========================================================================
Received Import Request.
  Time of request: 2026-07-06T20:23:47.4408635Z
  Time since last request: 143.81398759999999 seconds.
  importAddress: GUID: 4d21d2aa63e95ea498afdd817238d026 - Path: Assets/PlanetLauncher.cs - Importer: PreviewImporter
Importing 'GUID: 4d21d2aa63e95ea498afdd817238d026 - Path: Assets/PlanetLauncher.cs - Importer: PreviewImporter' with importer (PreviewImporter)
Imported 'GUID: 4d21d2aa63e95ea498afdd817238d026' -> (Import Result ID: '9af2e1fed93fe1d981dd7ef225c2a815') in 0.004 seconds [static and dynamic dependencies]. Details - ImportResultOutputID=ed788fbb38193ad28d2a885e882b7be3 DependenciesID=96bb7d3498bac77c75cd3824f4e436ea StaticDependenciesID=aa245170984e71212ecbb3486f1d5481 
Number of updated asset objects reloaded before import = 0
Number of asset objects unloaded after import = 0
========================================================================
Received Prepare
AcceleratorClientConnectionCallback - disconnected - :0
Refreshing native plugins compatible for Editor in 2.51 ms, found 6 plugins.
Unloading 65 Unused Serialized files (Serialized files now loaded: 0)
Unloading 65 unused Assets / (13.7 MB). Loaded Objects now: 11742.
Memory consumption went from 487.2 MB to 473.5 MB.
Total: 20.748000 ms (FindLiveObjects: 0.689400 ms CreateObjectMapping: 1.852000 ms MarkObjects: 16.497900 ms  DeleteObjects: 1.707000 ms)

Prepare: number of updated asset objects reloaded= 0
========================================================================
Received Import Request.
  Time of request: 2026-07-06T20:24:41.5555418Z
  Time since last request: 54.0948517 seconds.
  importAddress: GUID: 603fc024be9b949468e2ed37b069c7b1 - Path: Assets/Planet.prefab - Importer: ScriptedImporter/UnityEditor.QuickSearchModule:UnityEditor.Search:ASIAI0B
Importing 'GUID: 603fc024be9b949468e2ed37b069c7b1 - Path: Assets/Planet.prefab - Importer: ScriptedImporter/UnityEditor.QuickSearchModule:UnityEditor.Search:ASIAI0B' with importer (ScriptedImporter : UnityEditor.QuickSearchModule:UnityEditor.Search:ASIAI0B)
Imported 'GUID: 603fc024be9b949468e2ed37b069c7b1' -> (Import Result ID: 'a3be96a7b5b1cc3c946e3d4abdd15fe6') in 0.008 seconds [static and dynamic dependencies]. Details - ImportResultOutputID=a2c43d067d019ca5dc9f552e45e9d9c0 DependenciesID=17f7d7331d5833aa7c30e3a575927422 StaticDependenciesID=189c93a1d086f81e356a322781bd6506 
Number of updated asset objects reloaded before import = 0
Number of asset objects unloaded after import = 19
========================================================================
Received Import Request.
  Time of request: 2026-07-06T20:24:47.9920453Z
  Time since last request: 6.4157017 seconds.
  importAddress: GUID: 603fc024be9b949468e2ed37b069c7b1 - Path: Assets/Planet.prefab - Importer: ScriptedImporter/UnityEditor.QuickSearchModule:UnityEditor.Search:ASIAI0B
Importing 'GUID: 603fc024be9b949468e2ed37b069c7b1 - Path: Assets/Planet.prefab - Importer: ScriptedImporter/UnityEditor.QuickSearchModule:UnityEditor.Search:ASIAI0B' with importer (ScriptedImporter : UnityEditor.QuickSearchModule:UnityEditor.Search:ASIAI0B)
Imported 'GUID: 603fc024be9b949468e2ed37b069c7b1' -> (Import Result ID: 'b166c4fe99241a5f1b9c5ff8c1b077a7') in 0.008 seconds [static and dynamic dependencies]. Details - ImportResultOutputID=600dafb241e15569384cf36d1dff2eb0 DependenciesID=c85d65c04ef70252a7624f997a7e775d StaticDependenciesID=33b1c89380d1aa049da35430b1ee4b0f 
Number of updated asset objects reloaded before import = 0
Number of asset objects unloaded after import = 19
========================================================================
Received Prepare
AcceleratorClientConnectionCallback - disconnected - :0
Unloading 65 Unused Serialized files (Serialized files now loaded: 0)
Unloading 65 unused Assets / (13.7 MB). Loaded Objects now: 11742.
Memory consumption went from 484.3 MB to 470.6 MB.
Total: 18.491200 ms (FindLiveObjects: 0.544200 ms CreateObjectMapping: 2.458700 ms MarkObjects: 13.471700 ms  DeleteObjects: 2.015500 ms)

Prepare: number of updated asset objects reloaded= 0
========================================================================
Received Import Request.
  Time of request: 2026-07-06T20:24:52.5887855Z
  Time since last request: 4.5749929 seconds.
  importAddress: GUID: 603fc024be9b949468e2ed37b069c7b1 - Path: Assets/Planet.prefab - Importer: ScriptedImporter/UnityEditor.QuickSearchModule:UnityEditor.Search:ASIAI0B
Importing 'GUID: 603fc024be9b949468e2ed37b069c7b1 - Path: Assets/Planet.prefab - Importer: ScriptedImporter/UnityEditor.QuickSearchModule:UnityEditor.Search:ASIAI0B' with importer (ScriptedImporter : UnityEditor.QuickSearchModule:UnityEditor.Search:ASIAI0B)
Imported 'GUID: 603fc024be9b949468e2ed37b069c7b1' -> (Import Result ID: '2c6bd3f05464f714fd205ddce18a8f43') in 0.008 seconds [static and dynamic dependencies]. Details - ImportResultOutputID=988a46eb020138f2b163813b11ed9dde DependenciesID=ae2ef8b9165079e69ad81cad15c4dfbb StaticDependenciesID=f44de92f206649fba53fd44999f3f56f 
Number of updated asset objects reloaded before import = 0
Number of asset objects unloaded after import = 19
========================================================================
Received Import Request.
  Time of request: 2026-07-06T20:24:54.5772515Z
  Time since last request: 1.9641438 seconds.
  importAddress: GUID: 603fc024be9b949468e2ed37b069c7b1 - Path: Assets/Planet.prefab - Importer: ScriptedImporter/UnityEditor.QuickSearchModule:UnityEditor.Search:ASIAI0B
Importing 'GUID: 603fc024be9b949468e2ed37b069c7b1 - Path: Assets/Planet.prefab - Importer: ScriptedImporter/UnityEditor.QuickSearchModule:UnityEditor.Search:ASIAI0B' with importer (ScriptedImporter : UnityEditor.QuickSearchModule:UnityEditor.Search:ASIAI0B)
Imported 'GUID: 603fc024be9b949468e2ed37b069c7b1' -> (Import Result ID: 'aab6e8519e0a89986b64388d3c1ace67') in 0.013 seconds [static and dynamic dependencies]. Details - ImportResultOutputID=d6bd0d6661b425433616402f9c121656 DependenciesID=3f79a7fa64e965e077742c6b8929ae31 StaticDependenciesID=40fc50499f47bcbaea84dbee6c5f6da6 
Number of updated asset objects reloaded before import = 0
Number of asset objects unloaded after import = 19
========================================================================
Received Import Request.
  Time of request: 2026-07-06T20:24:56.2008134Z
  Time since last request: 1.5979315 seconds.
  importAddress: GUID: 603fc024be9b949468e2ed37b069c7b1 - Path: Assets/Planet.prefab - Importer: ScriptedImporter/UnityEditor.QuickSearchModule:UnityEditor.Search:ASIAI0B
Importing 'GUID: 603fc024be9b949468e2ed37b069c7b1 - Path: Assets/Planet.prefab - Importer: ScriptedImporter/UnityEditor.QuickSearchModule:UnityEditor.Search:ASIAI0B' with importer (ScriptedImporter : UnityEditor.QuickSearchModule:UnityEditor.Search:ASIAI0B)
Imported 'GUID: 603fc024be9b949468e2ed37b069c7b1' -> (Import Result ID: '1f5211c3a5eac08c6d6135b39eba74c6') in 0.006 seconds [static and dynamic dependencies]. Details - ImportResultOutputID=66f8c47575a7e431acd395f60b47d170 DependenciesID=7d8a55e4ac0638fb1898f3f2fd058fdd StaticDependenciesID=1486c194b41b51422e3fc49f0fabf43e 
Number of updated asset objects reloaded before import = 0
Number of asset objects unloaded after import = 19
========================================================================
Received Prepare
AcceleratorClientConnectionCallback - disconnected - :0
Refreshing native plugins compatible for Editor in 2.44 ms, found 6 plugins.
Unloading 65 Unused Serialized files (Serialized files now loaded: 0)
Unloading 65 unused Assets / (13.7 MB). Loaded Objects now: 11742.
Memory consumption went from 484.3 MB to 470.6 MB.
Total: 20.262100 ms (FindLiveObjects: 0.528200 ms CreateObjectMapping: 2.122000 ms MarkObjects: 15.936200 ms  DeleteObjects: 1.674400 ms)

Prepare: number of updated asset objects reloaded= 0
========================================================================
Received Import Request.
  Time of request: 2026-07-06T20:25:30.9596201Z
  Time since last request: 34.740293 seconds.
  importAddress: GUID: 603fc024be9b949468e2ed37b069c7b1 - Path: Assets/Planet.prefab - Importer: ScriptedImporter/UnityEditor.QuickSearchModule:UnityEditor.Search:ASIAI0B
Importing 'GUID: 603fc024be9b949468e2ed37b069c7b1 - Path: Assets/Planet.prefab - Importer: ScriptedImporter/UnityEditor.QuickSearchModule:UnityEditor.Search:ASIAI0B' with importer (ScriptedImporter : UnityEditor.QuickSearchModule:UnityEditor.Search:ASIAI0B)
Imported 'GUID: 603fc024be9b949468e2ed37b069c7b1' -> (Import Result ID: 'd298d0ec799dda9054ad52ef7b9b8b47') in 0.008 seconds [static and dynamic dependencies]. Details - ImportResultOutputID=95bed864cc31075f1ce61ea62a724685 DependenciesID=f93e952d578068003705b464bf36839f StaticDependenciesID=7ce732e2157c23a72227b13344ff7289 
Number of updated asset objects reloaded before import = 0
Number of asset objects unloaded after import = 19
========================================================================
Received Prepare
AcceleratorClientConnectionCallback - disconnected - :0
Unloading 65 Unused Serialized files (Serialized files now loaded: 0)
Unloading 65 unused Assets / (13.7 MB). Loaded Objects now: 11742.
Memory consumption went from 487.2 MB to 473.5 MB.
Total: 18.748300 ms (FindLiveObjects: 0.539300 ms CreateObjectMapping: 1.999300 ms MarkObjects: 14.677600 ms  DeleteObjects: 1.530200 ms)

Prepare: number of updated asset objects reloaded= 0
========================================================================
Received Import Request.
  Time of request: 2026-07-06T20:25:40.9634073Z
  Time since last request: 9.981942 seconds.
  importAddress: GUID: 603fc024be9b949468e2ed37b069c7b1 - Path: Assets/Planet.prefab - Importer: ScriptedImporter/UnityEditor.QuickSearchModule:UnityEditor.Search:ASIAI0B
Importing 'GUID: 603fc024be9b949468e2ed37b069c7b1 - Path: Assets/Planet.prefab - Importer: ScriptedImporter/UnityEditor.QuickSearchModule:UnityEditor.Search:ASIAI0B' with importer (ScriptedImporter : UnityEditor.QuickSearchModule:UnityEditor.Search:ASIAI0B)
Imported 'GUID: 603fc024be9b949468e2ed37b069c7b1' -> (Import Result ID: '73d846fdd9ead1440091f9ac25f5fe7d') in 0.011 seconds [static and dynamic dependencies]. Details - ImportResultOutputID=dd41f1f0c980098a039527507a30a1ca DependenciesID=5e0c4991722afc3c2878eab1925b2c1b StaticDependenciesID=ab412fb7be8f0f7ea1517e5a3e674921 
Number of updated asset objects reloaded before import = 0
Number of asset objects unloaded after import = 19
========================================================================
Received Prepare
AcceleratorClientConnectionCallback - disconnected - :0
Refreshing native plugins compatible for Editor in 2.93 ms, found 6 plugins.
Unloading 65 Unused Serialized files (Serialized files now loaded: 0)
Unloading 65 unused Assets / (13.7 MB). Loaded Objects now: 11742.
Memory consumption went from 487.2 MB to 473.5 MB.
Total: 23.121800 ms (FindLiveObjects: 0.662000 ms CreateObjectMapping: 2.066700 ms MarkObjects: 18.280500 ms  DeleteObjects: 2.110500 ms)

Prepare: number of updated asset objects reloaded= 0
========================================================================
Received Import Request.
  Time of request: 2026-07-06T20:31:03.4594179Z
  Time since last request: 322.4691416 seconds.
  importAddress: GUID: 98020e54fb1d7924dbfea2605715dac1 - Path: Assets/Planet Icons/Planet1.png - Importer: ScriptedImporter/UnityEditor.QuickSearchModule:UnityEditor.Search:ASIAI0B
Importing 'GUID: 98020e54fb1d7924dbfea2605715dac1 - Path: Assets/Planet Icons/Planet1.png - Importer: ScriptedImporter/UnityEditor.QuickSearchModule:UnityEditor.Search:ASIAI0B' with importer (ScriptedImporter : UnityEditor.QuickSearchModule:UnityEditor.Search:ASIAI0B)
Imported 'GUID: 98020e54fb1d7924dbfea2605715dac1' -> (Import Result ID: '42a40852afcee003f9751ee2b2b05782') in 0.040 seconds [static and dynamic dependencies]. Details - ImportResultOutputID=c908899bd47c095d9d63ba3662b4dd92 DependenciesID=6f77fd3e20ebad0b624845de62c34583 StaticDependenciesID=69412872545216212d0344de05352225 
Number of updated asset objects reloaded before import = 0
Number of asset objects unloaded after import = 3
========================================================================
Received Prepare
AcceleratorClientConnectionCallback - disconnected - :0
Refreshing native plugins compatible for Editor in 2.03 ms, found 6 plugins.
Unloading 65 Unused Serialized files (Serialized files now loaded: 0)
Unloading 65 unused Assets / (13.7 MB). Loaded Objects now: 11742.
Memory consumption went from 487.4 MB to 473.7 MB.
Total: 22.843900 ms (FindLiveObjects: 0.705100 ms CreateObjectMapping: 2.267100 ms MarkObjects: 18.247800 ms  DeleteObjects: 1.622000 ms)

Prepare: number of updated asset objects reloaded= 0
========================================================================
Received Import Request.
  Time of request: 2026-07-06T20:32:06.3430015Z
  Time since last request: 62.8293155 seconds.
  importAddress: GUID: 603fc024be9b949468e2ed37b069c7b1 - Path: Assets/Planet.prefab - Importer: ScriptedImporter/UnityEditor.QuickSearchModule:UnityEditor.Search:ASIAI0B
Importing 'GUID: 603fc024be9b949468e2ed37b069c7b1 - Path: Assets/Planet.prefab - Importer: ScriptedImporter/UnityEditor.QuickSearchModule:UnityEditor.Search:ASIAI0B' with importer (ScriptedImporter : UnityEditor.QuickSearchModule:UnityEditor.Search:ASIAI0B)
Imported 'GUID: 603fc024be9b949468e2ed37b069c7b1' -> (Import Result ID: 'a214bb1615df5ff82c18613a0ab22f8b') in 0.009 seconds [static and dynamic dependencies]. Details - ImportResultOutputID=2ec991990a70f216acfccbae1795c471 DependenciesID=020680b7a1f9db57abd3d6d650e0434d StaticDependenciesID=35a304de38a61cef83fbacc477d93a03 
Number of updated asset objects reloaded before import = 0
Number of asset objects unloaded after import = 18
========================================================================
Received Prepare
AcceleratorClientConnectionCallback - disconnected - :0
Refreshing native plugins compatible for Editor in 2.64 ms, found 6 plugins.
Unloading 65 Unused Serialized files (Serialized files now loaded: 0)
Unloading 65 unused Assets / (13.7 MB). Loaded Objects now: 11742.
Memory consumption went from 487.4 MB to 473.7 MB.
Total: 23.881600 ms (FindLiveObjects: 0.595500 ms CreateObjectMapping: 2.319800 ms MarkObjects: 18.669400 ms  DeleteObjects: 2.295000 ms)

Prepare: number of updated asset objects reloaded= 0
========================================================================
Received Import Request.
  Time of request: 2026-07-06T20:35:25.0792201Z
  Time since last request: 198.71416310000001 seconds.
  importAddress: GUID: 603fc024be9b949468e2ed37b069c7b1 - Path: Assets/Planet.prefab - Importer: ScriptedImporter/UnityEditor.QuickSearchModule:UnityEditor.Search:ASIAI0B
Importing 'GUID: 603fc024be9b949468e2ed37b069c7b1 - Path: Assets/Planet.prefab - Importer: ScriptedImporter/UnityEditor.QuickSearchModule:UnityEditor.Search:ASIAI0B' with importer (ScriptedImporter : UnityEditor.QuickSearchModule:UnityEditor.Search:ASIAI0B)
Imported 'GUID: 603fc024be9b949468e2ed37b069c7b1' -> (Import Result ID: 'f1842d2c19736f9ec075221ff0d00afe') in 0.009 seconds [static and dynamic dependencies]. Details - ImportResultOutputID=e57cc2b935aeffa168f02cc111cbb652 DependenciesID=7e80e248fec071cb14bb8e19ae6a6195 StaticDependenciesID=f1269deaaf018bb2c6dc0f2e21a746f6 
Number of updated asset objects reloaded before import = 0
Number of asset objects unloaded after import = 18
========================================================================
Received Prepare
AcceleratorClientConnectionCallback - disconnected - :0
Refreshing native plugins compatible for Editor in 2.44 ms, found 6 plugins.
Unloading 65 Unused Serialized files (Serialized files now loaded: 0)
Unloading 65 unused Assets / (13.7 MB). Loaded Objects now: 11742.
Memory consumption went from 487.4 MB to 473.7 MB.
Total: 20.493200 ms (FindLiveObjects: 0.664300 ms CreateObjectMapping: 1.906200 ms MarkObjects: 16.390000 ms  DeleteObjects: 1.531100 ms)

Prepare: number of updated asset objects reloaded= 0
========================================================================
Received Import Request.
  Time of request: 2026-07-06T20:44:23.7331671Z
  Time since last request: 538.63183949999996 seconds.
  importAddress: GUID: 603fc024be9b949468e2ed37b069c7b1 - Path: Assets/Planet.prefab - Importer: ScriptedImporter/UnityEditor.QuickSearchModule:UnityEditor.Search:ASIAI0B
Importing 'GUID: 603fc024be9b949468e2ed37b069c7b1 - Path: Assets/Planet.prefab - Importer: ScriptedImporter/UnityEditor.QuickSearchModule:UnityEditor.Search:ASIAI0B' with importer (ScriptedImporter : UnityEditor.QuickSearchModule:UnityEditor.Search:ASIAI0B)
Imported 'GUID: 603fc024be9b949468e2ed37b069c7b1' -> (Import Result ID: '95c6577b7a4b3b0ffb824807b33d03be') in 0.009 seconds [static and dynamic dependencies]. Details - ImportResultOutputID=c34760d0d56ecc020c2bd3a0ebf77410 DependenciesID=44bd80c23e9ddb9440fa40cf953ec051 StaticDependenciesID=8a3536df8374a757785e8b28d4ec3bbe 
Number of updated asset objects reloaded before import = 0
Number of asset objects unloaded after import = 18
========================================================================
Received Import Request.
  Time of request: 2026-07-06T20:54:37.3372799Z
  Time since last request: 613.58144359999994 seconds.
  importAddress: GUID: 2c88d0a97bdef30479c03713ce81c9c3 - Path: Assets/Visual_Orbit_Lines.png - Importer: PreviewImporter
Importing 'GUID: 2c88d0a97bdef30479c03713ce81c9c3 - Path: Assets/Visual_Orbit_Lines.png - Importer: PreviewImporter' with importer (PreviewImporter)
Imported 'GUID: 2c88d0a97bdef30479c03713ce81c9c3' -> (Import Result ID: 'ddaa85e6c056ae9c7d09f98f0f76c885') in 0.043 seconds [static and dynamic dependencies]. Details - ImportResultOutputID=5dc8d7762a7e5aeb27788769e95fd6b9 DependenciesID=3fe067c73582696f1bcb0de9a6fc7c46 StaticDependenciesID=afcf60a086b69f1d1b2390c7725325ff 
Number of updated asset objects reloaded before import = 0
Number of asset objects unloaded after import = 3
========================================================================
Received Import Request.
  Time of request: 2026-07-06T21:08:28.5882221Z
  Time since last request: 831.19318169999997 seconds.
  importAddress: GUID: 603fc024be9b949468e2ed37b069c7b1 - Path: Assets/Planet.prefab - Importer: PreviewImporter
Importing 'GUID: 603fc024be9b949468e2ed37b069c7b1 - Path: Assets/Planet.prefab - Importer: PreviewImporter' with importer (PreviewImporter)
Imported 'GUID: 603fc024be9b949468e2ed37b069c7b1' -> (Import Result ID: '0fa3fd12241eac7a7591d2c3b0d5b42c') in 0.014 seconds [static and dynamic dependencies]. Details - ImportResultOutputID=e2348fce32de4a020fc336637afc2f3b DependenciesID=b37c979f25e343944a73318676e63ce5 StaticDependenciesID=b132ca60afe352e23c087d22730626e5 
Number of updated asset objects reloaded before import = 0
Number of asset objects unloaded after import = 25
========================================================================
Received Import Request.
  Time of request: 2026-07-06T21:08:33.7362564Z
  Time since last request: 5.1207685 seconds.
  importAddress: GUID: bcb8c9eddb6a9f1468443be0f6f442df - Path: Assets/GameManager.cs - Importer: PreviewImporter
Importing 'GUID: bcb8c9eddb6a9f1468443be0f6f442df - Path: Assets/GameManager.cs - Importer: PreviewImporter' with importer (PreviewImporter)
Imported 'GUID: bcb8c9eddb6a9f1468443be0f6f442df' -> (Import Result ID: '16c3c94f829f1a860d465a77a06ff935') in 0.001 seconds [static and dynamic dependencies]. Details - ImportResultOutputID=0c4a2b98f7ce6d4f6c8dd9a9f56a4410 DependenciesID=df973f3903ebd25e57b0af82df82b832 StaticDependenciesID=501c6d70b7334ede5841842c5d0a0b8b 
Number of updated asset objects reloaded before import = 0
Number of asset objects unloaded after import = 0
========================================================================
Received Import Request.
  Time of request: 2026-07-06T21:08:36.2995838Z
  Time since last request: 2.5491146 seconds.
  importAddress: GUID: 62ff205631a621b4bb2e023778712ba0 - Path: Assets/BlackHole.cs - Importer: PreviewImporter
Importing 'GUID: 62ff205631a621b4bb2e023778712ba0 - Path: Assets/BlackHole.cs - Importer: PreviewImporter' with importer (PreviewImporter)
Imported 'GUID: 62ff205631a621b4bb2e023778712ba0' -> (Import Result ID: 'aa1c74f83014422e604e8194675227a6') in 0.001 seconds [static and dynamic dependencies]. Details - ImportResultOutputID=ca9ad98d2ecca0a512658541f261eb3c DependenciesID=01af88cb657b8cb8a5beb8571e606245 StaticDependenciesID=c2d2bf588c092d7a67072c23a71d5758 
Number of updated asset objects reloaded before import = 0
Number of asset objects unloaded after import = 0
========================================================================
Received Prepare
AcceleratorClientConnectionCallback - disconnected - :0
Refreshing native plugins compatible for Editor in 2.53 ms, found 6 plugins.
Unloading 65 Unused Serialized files (Serialized files now loaded: 0)
Unloading 65 unused Assets / (13.7 MB). Loaded Objects now: 11744.
Memory consumption went from 484.8 MB to 471.1 MB.
Total: 22.550400 ms (FindLiveObjects: 0.672800 ms CreateObjectMapping: 1.977400 ms MarkObjects: 18.087100 ms  DeleteObjects: 1.811300 ms)

Prepare: number of updated asset objects reloaded= 0
========================================================================
Received Import Request.
  Time of request: 2026-07-06T21:08:46.8123588Z
  Time since last request: 10.5005102 seconds.
  importAddress: GUID: 603fc024be9b949468e2ed37b069c7b1 - Path: Assets/Planet.prefab - Importer: ScriptedImporter/UnityEditor.QuickSearchModule:UnityEditor.Search:ASIAI0B
Importing 'GUID: 603fc024be9b949468e2ed37b069c7b1 - Path: Assets/Planet.prefab - Importer: ScriptedImporter/UnityEditor.QuickSearchModule:UnityEditor.Search:ASIAI0B' with importer (ScriptedImporter : UnityEditor.QuickSearchModule:UnityEditor.Search:ASIAI0B)
Imported 'GUID: 603fc024be9b949468e2ed37b069c7b1' -> (Import Result ID: '47bd6057db1004a2bbaad30c2e5c434d') in 0.008 seconds [static and dynamic dependencies]. Details - ImportResultOutputID=d2863d07b304af1b61f4bca35a75abbb DependenciesID=0773b5a5b81030500bd5ccba06a1b274 StaticDependenciesID=2096d5fdca65aada98ab59e7ab01928b 
Number of updated asset objects reloaded before import = 0
Number of asset objects unloaded after import = 18
========================================================================
Received Import Request.
  Time of request: 2026-07-06T21:18:40.6242902Z
  Time since last request: 593.79115630000001 seconds.
  importAddress: GUID: 460e8c637c9be354aa8bf8b91c7673cf - Path: Assets/Game_Background_Void.jpg - Importer: PreviewImporter
Importing 'GUID: 460e8c637c9be354aa8bf8b91c7673cf - Path: Assets/Game_Background_Void.jpg - Importer: PreviewImporter' with importer (PreviewImporter)
Imported 'GUID: 460e8c637c9be354aa8bf8b91c7673cf' -> (Import Result ID: '1417cf891c02f6b6dd23b4114bc46a5e') in 0.017 seconds [static and dynamic dependencies]. Details - ImportResultOutputID=1bf4a5dd97d6fb7c4ac03e972a1f01f3 DependenciesID=40e8f66c315c703df9b2a56465965b99 StaticDependenciesID=9c8cf2a30e4ce2917a59cfa384771fb5 
Number of updated asset objects reloaded before import = 0
Number of asset objects unloaded after import = 3
========================================================================
Received Prepare
AcceleratorClientConnectionCallback - disconnected - :0
Refreshing native plugins compatible for Editor in 2.64 ms, found 6 plugins.
Unloading 65 Unused Serialized files (Serialized files now loaded: 0)
Unloading 65 unused Assets / (13.7 MB). Loaded Objects now: 11744.
Memory consumption went from 484.8 MB to 471.1 MB.
Total: 20.986600 ms (FindLiveObjects: 0.597500 ms CreateObjectMapping: 2.018400 ms MarkObjects: 16.693400 ms  DeleteObjects: 1.675800 ms)

Prepare: number of updated asset objects reloaded= 0
========================================================================
Received Import Request.
  Time of request: 2026-07-06T21:18:58.2456923Z
  Time since last request: 17.5881625 seconds.
  importAddress: GUID: 8c9cfa26abfee488c85f1582747f6a02 - Path: Assets/Scenes/SampleScene.unity - Importer: ScriptedImporter/UnityEditor.QuickSearchModule:UnityEditor.Search:ASIAI0B
Importing 'GUID: 8c9cfa26abfee488c85f1582747f6a02 - Path: Assets/Scenes/SampleScene.unity - Importer: ScriptedImporter/UnityEditor.QuickSearchModule:UnityEditor.Search:ASIAI0B' with importer (ScriptedImporter : UnityEditor.QuickSearchModule:UnityEditor.Search:ASIAI0B)
Imported 'GUID: 8c9cfa26abfee488c85f1582747f6a02' -> (Import Result ID: 'd996306794399d94fdcfe3c19a4de446') in 0.005 seconds [static and dynamic dependencies]. Details - ImportResultOutputID=10f05a44c94727b2061de6e77a89a1bf DependenciesID=33afe8fe69eae4877729909cef899df0 StaticDependenciesID=e81a0865743c2179712611d97475a65b 
Number of updated asset objects reloaded before import = 0
Number of asset objects unloaded after import = 1
Editor requested this worker to shutdown with reason: Editor is closing down
AcceleratorClientConnectionCallback - disconnected - :0
AssetImportWorker is now disconnected from the server
Process exiting
Exiting without the bug reporter. Application will terminate with return code 0