[2026-07-06T17:15:27.738Z][INFO] Command-line: 'C:\\Program Files\\Unity\\Hub\\Editor\\6000.5.2f1\\Editor\\Data\\Resources\\PackageManager\\Server\\UnityPackageManager.exe' server -s 28244 --ipc-path Unity-Upm-28244 -l 2 --log-file 'S:\\Tayacknity\\Planet Boom/Logs/upm.log'
[2026-07-06T17:15:27.758Z][INFO] IPC server started (IPC path=Unity-Upm-28244).
[2026-07-06T17:15:27.758Z][INFO] Hint: To connect to this UPM instance, launch Unity with the command-line parameter -upmIpcPath Upm-28244.
[2026-07-06T17:15:29.215Z][INFO] project:list-packages <-- Request received
params: {}
[2026-07-06T17:15:29.309Z][INFO] project:list-packages <-- Request received
params: {}
[2026-07-06T17:15:29.320Z][INFO] config:project:get-registries <-- Request received
params: {}
[2026-07-06T17:15:29.326Z][INFO] config:project:get-registries --> 200 (6 ms)
[2026-07-06T17:15:29.385Z][INFO] project:resolve-packages <-- Request received
params: {}
[2026-07-06T17:15:29.527Z][INFO] project:list-packages --> 200 (312 ms)
[2026-07-06T17:15:29.617Z][INFO] project:list-packages --> 200 (308 ms)
[2026-07-06T17:15:31.580Z][WARN] Requested version [17.6.0] for package [com.unity.render-pipelines.universal] overridden by built-in package version [17.5.0].
[2026-07-06T17:15:31.580Z][WARN] Requested version [1.8.17] for package [com.unity.burst] overridden by minimum version [1.8.29].
[2026-07-06T17:15:31.580Z][WARN] Requested version [1.3.6] for package [com.unity.dt.app-ui] overridden by minimum version [2.1.7].
[2026-07-06T17:15:31.580Z][WARN] Requested version [3.2.1] for package [com.unity.nuget.newtonsoft-json] overridden by minimum version [3.2.2].
[2026-07-06T17:15:31.580Z][WARN] Requested version [1.11.5] for package [com.unity.nuget.mono-cecil] overridden by minimum version [1.11.6].
[2026-07-06T17:15:31.580Z][WARN] Requested version [4.9.3] for package [com.unity.searcher] overridden by minimum version [4.9.4].
[2026-07-06T17:15:31.580Z][WARN] Requested version [3.2.0] for package [com.unity.test-framework.performance] overridden by minimum version [3.5.0].
[2026-07-06T17:15:31.581Z][INFO] project:resolve-packages --> 200 (2196 ms)
[2026-07-06T17:16:43.923Z][INFO] project:list-packages <-- Request received
params: {}
[2026-07-06T17:16:43.938Z][INFO] project:list-packages <-- Request received
params: {}
[2026-07-06T17:16:44.222Z][INFO] project:list-packages --> 200 (299 ms)
[2026-07-06T17:16:44.256Z][INFO] project:list-packages --> 200 (318 ms)
[2026-07-06T17:16:47.107Z][INFO] project:list-packages <-- Request received
params: {}
[2026-07-06T17:16:47.294Z][INFO] project:list-packages --> 200 (187 ms)
[2026-07-06T17:16:47.650Z][INFO] config:project:get-registries <-- Request received
params: {}
[2026-07-06T17:16:47.653Z][INFO] config:project:get-registries --> 200 (3 ms)
[2026-07-06T17:16:52.483Z][INFO] project:list-packages <-- Request received
params: {}
[2026-07-06T17:16:52.603Z][INFO] project:list-packages <-- Request received
params: {}
[2026-07-06T17:16:52.887Z][INFO] project:list-packages --> 200 (284 ms)
[2026-07-06T17:16:54.626Z][INFO] packages:get-packageinfo <-- Request received
params: {
  "packageId": "com.unity.ai.assistant"
}
[2026-07-06T17:16:54.706Z][INFO] project:list-packages --> 200 (2223 ms)
[2026-07-06T17:16:54.712Z][INFO] packages:get-packageinfo --> 200 (86 ms)
[2026-07-06T19:59:44.447Z][INFO] project:list-packages <-- Request received
params: {}
[2026-07-06T19:59:44.697Z][INFO] project:list-packages --> 200 (254 ms)
[2026-07-06T19:59:45.082Z][INFO] project:list-packages <-- Request received
params: {}
[2026-07-06T19:59:45.266Z][INFO] project:list-packages --> 200 (184 ms)
[2026-07-06T19:59:45.570Z][INFO] config:project:get-registries <-- Request received
params: {}
[2026-07-06T19:59:45.573Z][INFO] config:project:get-registries --> 200 (3 ms)
[2026-07-06T19:59:46.837Z][INFO] project:list-packages <-- Request received
params: {}
[2026-07-06T19:59:47.695Z][INFO] packages:get-packageinfo <-- Request received
params: {
  "packageId": "com.unity.ai.assistant"
}
[2026-07-06T19:59:47.715Z][INFO] packages:get-packageinfo --> 200 (20 ms)
[2026-07-06T19:59:48.958Z][INFO] project:list-packages --> 200 (2122 ms)
